[debug] [2020-03-17T07:25:43.882Z] ----------------------------------------------------------------------
[debug] [2020-03-17T07:25:43.884Z] Command:       /usr/local/bin/node /usr/local/bin/firebase serve
[debug] [2020-03-17T07:25:43.884Z] CLI Version:   7.14.0
[debug] [2020-03-17T07:25:43.884Z] Platform:      darwin
[debug] [2020-03-17T07:25:43.885Z] Node Version:  v10.16.0
[debug] [2020-03-17T07:25:43.887Z] Time:          Tue Mar 17 2020 08:25:43 GMT+0100 (GMT+01:00)
[debug] [2020-03-17T07:25:43.887Z] ----------------------------------------------------------------------
[debug] [2020-03-17T07:25:43.887Z] 
[debug] [2020-03-17T07:25:43.900Z] > command requires scopes: ["email","openid","https://www.googleapis.com/auth/cloudplatformprojects.readonly","https://www.googleapis.com/auth/firebase","https://www.googleapis.com/auth/cloud-platform"]
[debug] [2020-03-17T07:25:43.901Z] > authorizing via signed-in user
[debug] [2020-03-17T07:25:43.901Z] [iam] checking project commmmunity-org for permissions ["firebase.projects.get"]
[debug] [2020-03-17T07:25:43.903Z] > refreshing access token with scopes: ["email","https://www.googleapis.com/auth/cloud-platform","https://www.googleapis.com/auth/cloudplatformprojects.readonly","https://www.googleapis.com/auth/firebase","openid"]
[debug] [2020-03-17T07:25:43.903Z] >>> HTTP REQUEST POST https://www.googleapis.com/oauth2/v3/token  
 <request body omitted>
[debug] [2020-03-17T07:25:44.012Z] <<< HTTP RESPONSE 200
[debug] [2020-03-17T07:25:44.071Z] >>> HTTP REQUEST POST https://cloudresourcemanager.googleapis.com/v1/projects/commmmunity-org:testIamPermissions  

[debug] [2020-03-17T07:25:44.806Z] <<< HTTP RESPONSE 200
[debug] [2020-03-17T07:25:44.807Z] >>> HTTP REQUEST GET https://firebase.googleapis.com/v1beta1/projects/commmmunity-org  
 
[debug] [2020-03-17T07:25:45.031Z] <<< HTTP RESPONSE 200
[info] 
[info] === Serving from '/Users/jc/dev/app'...
[info] 
[debug] [2020-03-17T07:25:45.034Z] >>> HTTP REQUEST GET https://firebase.googleapis.com/v1beta1/projects/commmmunity-org/webApps/-/config  
 
[warn] ⚠  Your requested "node" version "8" doesn't match your global version "10"
[info] ✔  functions: functions emulator started at http://localhost:5001
[debug] [2020-03-17T07:25:45.774Z] <<< HTTP RESPONSE 200
[info] i  functions: Watching "/Users/jc/dev/app/functions" for Cloud Functions...
[debug] [2020-03-17T07:25:45.979Z] [worker-pool] addWorker(~diagnostic~)
[debug] [2020-03-17T07:25:45.979Z] [worker-pool] Adding worker with key ~diagnostic~, total=1
[debug] [2020-03-17T07:25:45.979Z] [worker-pool] submitWork(triggerId=)
[debug] [2020-03-17T07:25:45.980Z] [worker-~diagnostic~-b7a34636-52c2-427d-b0b0-b2651a702217]: Assigning socketPath: /var/folders/fl/y2s0d3fj1158vmbnlfft5qx00000gn/T/fire_emu_23899.sock
[debug] [2020-03-17T07:25:45.980Z] [worker-~diagnostic~-b7a34636-52c2-427d-b0b0-b2651a702217]: BUSY
[info] i  hosting: Serving hosting files from: dist
[info] ✔  hosting: Local server: http://localhost:5000
[debug] [2020-03-17T07:25:46.362Z] [runtime-status] [23899] Functions runtime initialized. {"cwd":"/Users/jc/dev/app/functions","node_version":"10.16.0"}
[debug] [2020-03-17T07:25:46.364Z] [runtime-status] [23899] Disabled runtime features: {"functions_config_helper":true,"network_filtering":true,"timeout":true,"memory_limiting":true,"admin_stubs":true,"pubsub_emulator":true}
[debug] [2020-03-17T07:25:46.372Z] [runtime-status] [23899] Resolved module firebase-admin {"declared":true,"installed":true,"version":"8.9.2","resolution":"/Users/jc/dev/app/functions/node_modules/firebase-admin/lib/index.js"}
[debug] [2020-03-17T07:25:46.375Z] [runtime-status] [23899] Resolved module firebase-functions {"declared":true,"installed":true,"version":"3.3.0","resolution":"/Users/jc/dev/app/functions/node_modules/firebase-functions/lib/index.js"}
[debug] [2020-03-17T07:25:46.375Z] [runtime-status] [23899] Resolved module firebase-functions {"declared":true,"installed":true,"version":"3.3.0","resolution":"/Users/jc/dev/app/functions/node_modules/firebase-functions/lib/index.js"}
[debug] [2020-03-17T07:25:48.563Z] Unsupported trigger: {"regions":["europe-west1"],"eventTrigger":{"resource":"projects/commmmunity-org","eventType":"providers/firebase.auth/eventTypes/user.create","service":"firebaseauth.googleapis.com"},"name":"usersOnRegister","entryPoint":"usersOnRegister"}
[info] ✔  functions[apiPing]: http function initialized (http://localhost:5001/commmmunity-org/us-central1/apiPing).
[info] ✔  functions[apiSlackEvent]: http function initialized (http://localhost:5001/commmmunity-org/us-central1/apiSlackEvent).
[info] ✔  functions[apiSlackInvite]: http function initialized (http://localhost:5001/commmmunity-org/us-central1/apiSlackInvite).
[info] ✔  functions[apiSlackPost]: http function initialized (http://localhost:5001/commmmunity-org/us-central1/apiSlackPost).
[info] ✔  functions[toolsPlaceDetails]: http function initialized (http://localhost:5001/commmmunity-org/europe-west1/toolsPlaceDetails).
[info] ✔  functions[toolsPlaces]: http function initialized (http://localhost:5001/commmmunity-org/europe-west1/toolsPlaces).
[info] i  functions[usersOnRegister]: function ignored because the firebaseauth.googleapis.com emulator does not exist or is not running.
[info] i  functions[usersOnUpdate]: function ignored because the firestore emulator does not exist or is not running.
[debug] [2020-03-17T07:25:48.565Z] [worker-~diagnostic~-b7a34636-52c2-427d-b0b0-b2651a702217]: IDLE
[debug] [2020-03-17T07:36:49.463Z] [work-queue] {"queueLength":1,"workRunningCount":0}
[debug] [2020-03-17T07:36:49.463Z] [work-queue] {"queueLength":0,"workRunningCount":1}
[debug] [2020-03-17T07:36:49.464Z] Accepted request OPTIONS /commmmunity-org/us-central1/toolsPlaces --> toolsPlaces
[debug] [2020-03-17T07:36:49.467Z] [worker-pool] addWorker(toolsPlaces)
[debug] [2020-03-17T07:36:49.467Z] [worker-pool] Adding worker with key toolsPlaces, total=1
[debug] [2020-03-17T07:36:49.467Z] [worker-pool] submitWork(triggerId=toolsPlaces)
[debug] [2020-03-17T07:36:49.467Z] [worker-toolsPlaces-444a692e-45a0-4493-9b40-3afaff63e3af]: Assigning socketPath: /var/folders/fl/y2s0d3fj1158vmbnlfft5qx00000gn/T/fire_emu_24130.sock
[debug] [2020-03-17T07:36:49.468Z] [worker-toolsPlaces-444a692e-45a0-4493-9b40-3afaff63e3af]: BUSY
[debug] [2020-03-17T07:36:49.943Z] [runtime-status] [24130] Functions runtime initialized. {"cwd":"/Users/jc/dev/app/functions","node_version":"10.16.0"}
[debug] [2020-03-17T07:36:49.945Z] [runtime-status] [24130] Disabled runtime features: {"functions_config_helper":true,"network_filtering":true,"timeout":true,"memory_limiting":true,"admin_stubs":true,"pubsub_emulator":true}
[debug] [2020-03-17T07:36:49.948Z] [runtime-status] [24130] Resolved module firebase-admin {"declared":true,"installed":true,"version":"8.9.2","resolution":"/Users/jc/dev/app/functions/node_modules/firebase-admin/lib/index.js"}
[debug] [2020-03-17T07:36:49.950Z] [runtime-status] [24130] Resolved module firebase-functions {"declared":true,"installed":true,"version":"3.3.0","resolution":"/Users/jc/dev/app/functions/node_modules/firebase-functions/lib/index.js"}
[debug] [2020-03-17T07:36:49.950Z] [runtime-status] [24130] Resolved module firebase-functions {"declared":true,"installed":true,"version":"3.3.0","resolution":"/Users/jc/dev/app/functions/node_modules/firebase-functions/lib/index.js"}
[debug] [2020-03-17T07:36:50.877Z] [runtime-status] [24130] Trigger "toolsPlaces" has been found, beginning invocation!
[info] i  functions: Beginning execution of "toolsPlaces"
[debug] [2020-03-17T07:36:50.878Z] [runtime-status] [24130] triggerDefinition {"regions":["europe-west1"],"httpsTrigger":{},"labels":{"deployment-callable":"true"},"name":"toolsPlaces","entryPoint":"toolsPlaces"}
[debug] [2020-03-17T07:36:50.878Z] [runtime-status] [24130] Running toolsPlaces in mode HTTPS
[debug] [2020-03-17T07:36:50.882Z] [runtime-status] [24130] Attempting to listen to socketPath: /var/folders/fl/y2s0d3fj1158vmbnlfft5qx00000gn/T/fire_emu_24130.sock
[debug] [2020-03-17T07:36:50.886Z] [functions] Runtime ready! Sending request!
[debug] [2020-03-17T07:36:50.899Z] [runtime-status] [24130] Ephemeral server handling OPTIONS request
[debug] [2020-03-17T07:36:50.904Z] [runtime-status] [24130] Ephemeral server survived.
[info] i  functions: Finished "toolsPlaces" in ~1s
[debug] [2020-03-17T07:36:50.906Z] [worker-toolsPlaces-444a692e-45a0-4493-9b40-3afaff63e3af]: IDLE
[debug] [2020-03-17T07:36:50.906Z] [work-queue] {"queueLength":0,"workRunningCount":0}
[debug] [2020-03-17T07:36:50.908Z] [work-queue] {"queueLength":1,"workRunningCount":0}
[debug] [2020-03-17T07:36:50.908Z] [work-queue] {"queueLength":0,"workRunningCount":1}
[debug] [2020-03-17T07:36:50.908Z] Accepted request POST /commmmunity-org/us-central1/toolsPlaces --> toolsPlaces
[debug] [2020-03-17T07:36:50.908Z] [worker-pool] submitWork(triggerId=toolsPlaces)
[debug] [2020-03-17T07:36:50.908Z] [worker-toolsPlaces-444a692e-45a0-4493-9b40-3afaff63e3af]: Assigning socketPath: /var/folders/fl/y2s0d3fj1158vmbnlfft5qx00000gn/T/fire_emu_24130.sock
[debug] [2020-03-17T07:36:50.908Z] [worker-toolsPlaces-444a692e-45a0-4493-9b40-3afaff63e3af]: BUSY
[debug] [2020-03-17T07:36:50.918Z] [runtime-status] [24130] Trigger "toolsPlaces" has been found, beginning invocation!
[info] i  functions: Beginning execution of "toolsPlaces"
[debug] [2020-03-17T07:36:50.918Z] [runtime-status] [24130] triggerDefinition {"regions":["europe-west1"],"httpsTrigger":{},"labels":{"deployment-callable":"true"},"name":"toolsPlaces","entryPoint":"toolsPlaces"}
[debug] [2020-03-17T07:36:50.918Z] [runtime-status] [24130] Running toolsPlaces in mode HTTPS
[debug] [2020-03-17T07:36:50.919Z] [runtime-status] [24130] Attempting to listen to socketPath: /var/folders/fl/y2s0d3fj1158vmbnlfft5qx00000gn/T/fire_emu_24130.sock
[debug] [2020-03-17T07:36:50.919Z] [functions] Runtime ready! Sending request!
[debug] [2020-03-17T07:36:50.959Z] [runtime-status] [24130] Ephemeral server handling POST request
[debug] [2020-03-17T07:36:51.143Z] [runtime-status] [24130] Ephemeral server survived.
[info] i  functions: Finished "toolsPlaces" in ~1s
[debug] [2020-03-17T07:36:51.322Z] [worker-toolsPlaces-444a692e-45a0-4493-9b40-3afaff63e3af]: IDLE
[debug] [2020-03-17T07:36:51.322Z] [work-queue] {"queueLength":0,"workRunningCount":0}
[debug] [2020-03-17T07:36:52.197Z] [work-queue] {"queueLength":1,"workRunningCount":0}
[debug] [2020-03-17T07:36:52.197Z] [work-queue] {"queueLength":0,"workRunningCount":1}
[debug] [2020-03-17T07:36:52.197Z] Accepted request OPTIONS /commmmunity-org/us-central1/toolsPlaceDetails --> toolsPlaceDetails
[debug] [2020-03-17T07:36:52.200Z] [worker-pool] addWorker(toolsPlaceDetails)
[debug] [2020-03-17T07:36:52.200Z] [worker-pool] Adding worker with key toolsPlaceDetails, total=1
[debug] [2020-03-17T07:36:52.200Z] [worker-pool] submitWork(triggerId=toolsPlaceDetails)
[debug] [2020-03-17T07:36:52.200Z] [worker-toolsPlaceDetails-f5aad5f5-a1ee-4748-a9dc-16742b5fc627]: Assigning socketPath: /var/folders/fl/y2s0d3fj1158vmbnlfft5qx00000gn/T/fire_emu_24131.sock
[debug] [2020-03-17T07:36:52.200Z] [worker-toolsPlaceDetails-f5aad5f5-a1ee-4748-a9dc-16742b5fc627]: BUSY
[debug] [2020-03-17T07:36:52.585Z] [runtime-status] [24131] Functions runtime initialized. {"cwd":"/Users/jc/dev/app/functions","node_version":"10.16.0"}
[debug] [2020-03-17T07:36:52.587Z] [runtime-status] [24131] Disabled runtime features: {"functions_config_helper":true,"network_filtering":true,"timeout":true,"memory_limiting":true,"admin_stubs":true,"pubsub_emulator":true}
[debug] [2020-03-17T07:36:52.589Z] [runtime-status] [24131] Resolved module firebase-admin {"declared":true,"installed":true,"version":"8.9.2","resolution":"/Users/jc/dev/app/functions/node_modules/firebase-admin/lib/index.js"}
[debug] [2020-03-17T07:36:52.590Z] [runtime-status] [24131] Resolved module firebase-functions {"declared":true,"installed":true,"version":"3.3.0","resolution":"/Users/jc/dev/app/functions/node_modules/firebase-functions/lib/index.js"}
[debug] [2020-03-17T07:36:52.591Z] [runtime-status] [24131] Resolved module firebase-functions {"declared":true,"installed":true,"version":"3.3.0","resolution":"/Users/jc/dev/app/functions/node_modules/firebase-functions/lib/index.js"}
[debug] [2020-03-17T07:36:52.899Z] [runtime-status] [24131] Trigger "toolsPlaceDetails" has been found, beginning invocation!
[info] i  functions: Beginning execution of "toolsPlaceDetails"
[debug] [2020-03-17T07:36:52.900Z] [runtime-status] [24131] triggerDefinition {"regions":["europe-west1"],"httpsTrigger":{},"labels":{"deployment-callable":"true"},"name":"toolsPlaceDetails","entryPoint":"toolsPlaceDetails"}
[debug] [2020-03-17T07:36:52.900Z] [runtime-status] [24131] Running toolsPlaceDetails in mode HTTPS
[debug] [2020-03-17T07:36:52.903Z] [runtime-status] [24131] Attempting to listen to socketPath: /var/folders/fl/y2s0d3fj1158vmbnlfft5qx00000gn/T/fire_emu_24131.sock
[debug] [2020-03-17T07:36:52.906Z] [functions] Runtime ready! Sending request!
[debug] [2020-03-17T07:36:52.918Z] [runtime-status] [24131] Ephemeral server handling OPTIONS request
[debug] [2020-03-17T07:36:52.922Z] [runtime-status] [24131] Ephemeral server survived.
[debug] [2020-03-17T07:36:52.924Z] [work-queue] {"queueLength":1,"workRunningCount":1}
[debug] [2020-03-17T07:36:52.924Z] [work-queue] {"queueLength":0,"workRunningCount":2}
[debug] [2020-03-17T07:36:52.924Z] Accepted request POST /commmmunity-org/us-central1/toolsPlaceDetails --> toolsPlaceDetails
[debug] [2020-03-17T07:36:52.926Z] [worker-pool] addWorker(toolsPlaceDetails)
[debug] [2020-03-17T07:36:52.926Z] [worker-pool] Adding worker with key toolsPlaceDetails, total=2
[debug] [2020-03-17T07:36:52.926Z] [worker-pool] submitWork(triggerId=toolsPlaceDetails)
[debug] [2020-03-17T07:36:52.927Z] [worker-toolsPlaceDetails-115f57d8-e3b6-475d-9f9a-443901a65b05]: Assigning socketPath: /var/folders/fl/y2s0d3fj1158vmbnlfft5qx00000gn/T/fire_emu_24132.sock
[debug] [2020-03-17T07:36:52.927Z] [worker-toolsPlaceDetails-115f57d8-e3b6-475d-9f9a-443901a65b05]: BUSY
[info] i  functions: Finished "toolsPlaceDetails" in ~1s
[debug] [2020-03-17T07:36:52.927Z] [worker-toolsPlaceDetails-f5aad5f5-a1ee-4748-a9dc-16742b5fc627]: IDLE
[debug] [2020-03-17T07:36:52.927Z] [work-queue] {"queueLength":0,"workRunningCount":1}
[debug] [2020-03-17T07:36:53.301Z] [runtime-status] [24132] Functions runtime initialized. {"cwd":"/Users/jc/dev/app/functions","node_version":"10.16.0"}
[debug] [2020-03-17T07:36:53.303Z] [runtime-status] [24132] Disabled runtime features: {"functions_config_helper":true,"network_filtering":true,"timeout":true,"memory_limiting":true,"admin_stubs":true,"pubsub_emulator":true}
[debug] [2020-03-17T07:36:53.305Z] [runtime-status] [24132] Resolved module firebase-admin {"declared":true,"installed":true,"version":"8.9.2","resolution":"/Users/jc/dev/app/functions/node_modules/firebase-admin/lib/index.js"}
[debug] [2020-03-17T07:36:53.306Z] [runtime-status] [24132] Resolved module firebase-functions {"declared":true,"installed":true,"version":"3.3.0","resolution":"/Users/jc/dev/app/functions/node_modules/firebase-functions/lib/index.js"}
[debug] [2020-03-17T07:36:53.306Z] [runtime-status] [24132] Resolved module firebase-functions {"declared":true,"installed":true,"version":"3.3.0","resolution":"/Users/jc/dev/app/functions/node_modules/firebase-functions/lib/index.js"}
[debug] [2020-03-17T07:36:53.576Z] [runtime-status] [24132] Trigger "toolsPlaceDetails" has been found, beginning invocation!
[info] i  functions: Beginning execution of "toolsPlaceDetails"
[debug] [2020-03-17T07:36:53.576Z] [runtime-status] [24132] triggerDefinition {"regions":["europe-west1"],"httpsTrigger":{},"labels":{"deployment-callable":"true"},"name":"toolsPlaceDetails","entryPoint":"toolsPlaceDetails"}
[debug] [2020-03-17T07:36:53.576Z] [runtime-status] [24132] Running toolsPlaceDetails in mode HTTPS
[debug] [2020-03-17T07:36:53.579Z] [runtime-status] [24132] Attempting to listen to socketPath: /var/folders/fl/y2s0d3fj1158vmbnlfft5qx00000gn/T/fire_emu_24132.sock
[debug] [2020-03-17T07:36:53.582Z] [functions] Runtime ready! Sending request!
[debug] [2020-03-17T07:36:53.598Z] [runtime-status] [24132] Ephemeral server handling POST request
[debug] [2020-03-17T07:36:53.629Z] [runtime-status] [24132] Ephemeral server survived.
[info] i  functions: Finished "toolsPlaceDetails" in ~1s
[debug] [2020-03-17T07:36:53.806Z] [worker-toolsPlaceDetails-115f57d8-e3b6-475d-9f9a-443901a65b05]: IDLE
[debug] [2020-03-17T07:36:53.806Z] [work-queue] {"queueLength":0,"workRunningCount":0}
[debug] [2020-03-17T07:46:16.843Z] [work-queue] {"queueLength":1,"workRunningCount":0}
[debug] [2020-03-17T07:46:16.844Z] [work-queue] {"queueLength":0,"workRunningCount":1}
[debug] [2020-03-17T07:46:16.844Z] Accepted request OPTIONS /commmmunity-org/us-central1/toolsPlaces --> toolsPlaces
[debug] [2020-03-17T07:46:16.844Z] [worker-pool] submitWork(triggerId=toolsPlaces)
[debug] [2020-03-17T07:46:16.844Z] [worker-toolsPlaces-444a692e-45a0-4493-9b40-3afaff63e3af]: Assigning socketPath: /var/folders/fl/y2s0d3fj1158vmbnlfft5qx00000gn/T/fire_emu_24130.sock
[debug] [2020-03-17T07:46:16.844Z] [worker-toolsPlaces-444a692e-45a0-4493-9b40-3afaff63e3af]: BUSY
[debug] [2020-03-17T07:46:16.844Z] [runtime-status] [24130] Trigger "toolsPlaces" has been found, beginning invocation!
[info] i  functions: Beginning execution of "toolsPlaces"
[debug] [2020-03-17T07:46:16.845Z] [runtime-status] [24130] triggerDefinition {"regions":["europe-west1"],"httpsTrigger":{},"labels":{"deployment-callable":"true"},"name":"toolsPlaces","entryPoint":"toolsPlaces"}
[debug] [2020-03-17T07:46:16.845Z] [runtime-status] [24130] Running toolsPlaces in mode HTTPS
[debug] [2020-03-17T07:46:16.845Z] [runtime-status] [24130] Attempting to listen to socketPath: /var/folders/fl/y2s0d3fj1158vmbnlfft5qx00000gn/T/fire_emu_24130.sock
[debug] [2020-03-17T07:46:16.847Z] [functions] Runtime ready! Sending request!
[debug] [2020-03-17T07:46:16.848Z] [runtime-status] [24130] Ephemeral server handling OPTIONS request
[debug] [2020-03-17T07:46:16.849Z] [runtime-status] [24130] Ephemeral server survived.
[info] i  functions: Finished "toolsPlaces" in ~1s
[debug] [2020-03-17T07:46:16.849Z] [worker-toolsPlaces-444a692e-45a0-4493-9b40-3afaff63e3af]: IDLE
[debug] [2020-03-17T07:46:16.849Z] [work-queue] {"queueLength":0,"workRunningCount":0}
[debug] [2020-03-17T07:46:16.851Z] [work-queue] {"queueLength":1,"workRunningCount":0}
[debug] [2020-03-17T07:46:16.852Z] [work-queue] {"queueLength":0,"workRunningCount":1}
[debug] [2020-03-17T07:46:16.852Z] Accepted request POST /commmmunity-org/us-central1/toolsPlaces --> toolsPlaces
[debug] [2020-03-17T07:46:16.852Z] [worker-pool] submitWork(triggerId=toolsPlaces)
[debug] [2020-03-17T07:46:16.852Z] [worker-toolsPlaces-444a692e-45a0-4493-9b40-3afaff63e3af]: Assigning socketPath: /var/folders/fl/y2s0d3fj1158vmbnlfft5qx00000gn/T/fire_emu_24130.sock
[debug] [2020-03-17T07:46:16.852Z] [worker-toolsPlaces-444a692e-45a0-4493-9b40-3afaff63e3af]: BUSY
[debug] [2020-03-17T07:46:16.861Z] [runtime-status] [24130] Trigger "toolsPlaces" has been found, beginning invocation!
[info] i  functions: Beginning execution of "toolsPlaces"
[debug] [2020-03-17T07:46:16.861Z] [runtime-status] [24130] triggerDefinition {"regions":["europe-west1"],"httpsTrigger":{},"labels":{"deployment-callable":"true"},"name":"toolsPlaces","entryPoint":"toolsPlaces"}
[debug] [2020-03-17T07:46:16.862Z] [runtime-status] [24130] Running toolsPlaces in mode HTTPS
[debug] [2020-03-17T07:46:16.862Z] [runtime-status] [24130] Attempting to listen to socketPath: /var/folders/fl/y2s0d3fj1158vmbnlfft5qx00000gn/T/fire_emu_24130.sock
[debug] [2020-03-17T07:46:16.862Z] [functions] Runtime ready! Sending request!
[debug] [2020-03-17T07:46:16.863Z] [runtime-status] [24130] Ephemeral server handling POST request
[debug] [2020-03-17T07:46:16.864Z] [runtime-status] [24130] Ephemeral server survived.
[info] i  functions: Finished "toolsPlaces" in ~1s
[debug] [2020-03-17T07:46:16.972Z] [worker-toolsPlaces-444a692e-45a0-4493-9b40-3afaff63e3af]: IDLE
[debug] [2020-03-17T07:46:16.973Z] [work-queue] {"queueLength":0,"workRunningCount":0}
[debug] [2020-03-17T07:48:45.960Z] [work-queue] {"queueLength":1,"workRunningCount":0}
[debug] [2020-03-17T07:48:45.960Z] [work-queue] {"queueLength":0,"workRunningCount":1}
[debug] [2020-03-17T07:48:45.960Z] Accepted request OPTIONS /commmmunity-org/us-central1/toolsPlaces --> toolsPlaces
[debug] [2020-03-17T07:48:45.960Z] [worker-pool] submitWork(triggerId=toolsPlaces)
[debug] [2020-03-17T07:48:45.960Z] [worker-toolsPlaces-444a692e-45a0-4493-9b40-3afaff63e3af]: Assigning socketPath: /var/folders/fl/y2s0d3fj1158vmbnlfft5qx00000gn/T/fire_emu_24130.sock
[debug] [2020-03-17T07:48:45.960Z] [worker-toolsPlaces-444a692e-45a0-4493-9b40-3afaff63e3af]: BUSY
[debug] [2020-03-17T07:48:45.961Z] [runtime-status] [24130] Trigger "toolsPlaces" has been found, beginning invocation!
[info] i  functions: Beginning execution of "toolsPlaces"
[debug] [2020-03-17T07:48:45.961Z] [runtime-status] [24130] triggerDefinition {"regions":["europe-west1"],"httpsTrigger":{},"labels":{"deployment-callable":"true"},"name":"toolsPlaces","entryPoint":"toolsPlaces"}
[debug] [2020-03-17T07:48:45.961Z] [runtime-status] [24130] Running toolsPlaces in mode HTTPS
[debug] [2020-03-17T07:48:45.961Z] [runtime-status] [24130] Attempting to listen to socketPath: /var/folders/fl/y2s0d3fj1158vmbnlfft5qx00000gn/T/fire_emu_24130.sock
[debug] [2020-03-17T07:48:45.962Z] [functions] Runtime ready! Sending request!
[debug] [2020-03-17T07:48:45.963Z] [runtime-status] [24130] Ephemeral server handling OPTIONS request
[debug] [2020-03-17T07:48:45.964Z] [runtime-status] [24130] Ephemeral server survived.
[info] i  functions: Finished "toolsPlaces" in ~1s
[debug] [2020-03-17T07:48:45.964Z] [worker-toolsPlaces-444a692e-45a0-4493-9b40-3afaff63e3af]: IDLE
[debug] [2020-03-17T07:48:45.964Z] [work-queue] {"queueLength":0,"workRunningCount":0}
[debug] [2020-03-17T07:48:45.967Z] [work-queue] {"queueLength":1,"workRunningCount":0}
[debug] [2020-03-17T07:48:45.967Z] [work-queue] {"queueLength":0,"workRunningCount":1}
[debug] [2020-03-17T07:48:45.967Z] Accepted request POST /commmmunity-org/us-central1/toolsPlaces --> toolsPlaces
[debug] [2020-03-17T07:48:45.967Z] [worker-pool] submitWork(triggerId=toolsPlaces)
[debug] [2020-03-17T07:48:45.967Z] [worker-toolsPlaces-444a692e-45a0-4493-9b40-3afaff63e3af]: Assigning socketPath: /var/folders/fl/y2s0d3fj1158vmbnlfft5qx00000gn/T/fire_emu_24130.sock
[debug] [2020-03-17T07:48:45.967Z] [worker-toolsPlaces-444a692e-45a0-4493-9b40-3afaff63e3af]: BUSY
[debug] [2020-03-17T07:48:45.975Z] [runtime-status] [24130] Trigger "toolsPlaces" has been found, beginning invocation!
[info] i  functions: Beginning execution of "toolsPlaces"
[debug] [2020-03-17T07:48:45.976Z] [runtime-status] [24130] triggerDefinition {"regions":["europe-west1"],"httpsTrigger":{},"labels":{"deployment-callable":"true"},"name":"toolsPlaces","entryPoint":"toolsPlaces"}
[debug] [2020-03-17T07:48:45.976Z] [runtime-status] [24130] Running toolsPlaces in mode HTTPS
[debug] [2020-03-17T07:48:45.976Z] [runtime-status] [24130] Attempting to listen to socketPath: /var/folders/fl/y2s0d3fj1158vmbnlfft5qx00000gn/T/fire_emu_24130.sock
[debug] [2020-03-17T07:48:45.977Z] [functions] Runtime ready! Sending request!
[debug] [2020-03-17T07:48:45.979Z] [runtime-status] [24130] Ephemeral server handling POST request
[debug] [2020-03-17T07:48:45.979Z] [runtime-status] [24130] Ephemeral server survived.
[info] i  functions: Finished "toolsPlaces" in ~1s
[debug] [2020-03-17T07:48:46.469Z] [worker-toolsPlaces-444a692e-45a0-4493-9b40-3afaff63e3af]: IDLE
[debug] [2020-03-17T07:48:46.469Z] [work-queue] {"queueLength":0,"workRunningCount":0}
[debug] [2020-03-17T07:49:57.185Z] [work-queue] {"queueLength":1,"workRunningCount":0}
[debug] [2020-03-17T07:49:57.185Z] [work-queue] {"queueLength":0,"workRunningCount":1}
[debug] [2020-03-17T07:49:57.185Z] Accepted request OPTIONS /commmmunity-org/us-central1/toolsPlaces --> toolsPlaces
[debug] [2020-03-17T07:49:57.186Z] [worker-pool] submitWork(triggerId=toolsPlaces)
[debug] [2020-03-17T07:49:57.186Z] [worker-toolsPlaces-444a692e-45a0-4493-9b40-3afaff63e3af]: Assigning socketPath: /var/folders/fl/y2s0d3fj1158vmbnlfft5qx00000gn/T/fire_emu_24130.sock
[debug] [2020-03-17T07:49:57.186Z] [worker-toolsPlaces-444a692e-45a0-4493-9b40-3afaff63e3af]: BUSY
[debug] [2020-03-17T07:49:57.186Z] [runtime-status] [24130] Trigger "toolsPlaces" has been found, beginning invocation!
[info] i  functions: Beginning execution of "toolsPlaces"
[debug] [2020-03-17T07:49:57.186Z] [runtime-status] [24130] triggerDefinition {"regions":["europe-west1"],"httpsTrigger":{},"labels":{"deployment-callable":"true"},"name":"toolsPlaces","entryPoint":"toolsPlaces"}
[debug] [2020-03-17T07:49:57.187Z] [runtime-status] [24130] Running toolsPlaces in mode HTTPS
[debug] [2020-03-17T07:49:57.187Z] [runtime-status] [24130] Attempting to listen to socketPath: /var/folders/fl/y2s0d3fj1158vmbnlfft5qx00000gn/T/fire_emu_24130.sock
[debug] [2020-03-17T07:49:57.188Z] [functions] Runtime ready! Sending request!
[debug] [2020-03-17T07:49:57.189Z] [runtime-status] [24130] Ephemeral server handling OPTIONS request
[debug] [2020-03-17T07:49:57.190Z] [runtime-status] [24130] Ephemeral server survived.
[info] i  functions: Finished "toolsPlaces" in ~1s
[debug] [2020-03-17T07:49:57.190Z] [worker-toolsPlaces-444a692e-45a0-4493-9b40-3afaff63e3af]: IDLE
[debug] [2020-03-17T07:49:57.191Z] [work-queue] {"queueLength":0,"workRunningCount":0}
[debug] [2020-03-17T07:49:57.193Z] [work-queue] {"queueLength":1,"workRunningCount":0}
[debug] [2020-03-17T07:49:57.193Z] [work-queue] {"queueLength":0,"workRunningCount":1}
[debug] [2020-03-17T07:49:57.193Z] Accepted request POST /commmmunity-org/us-central1/toolsPlaces --> toolsPlaces
[debug] [2020-03-17T07:49:57.193Z] [worker-pool] submitWork(triggerId=toolsPlaces)
[debug] [2020-03-17T07:49:57.193Z] [worker-toolsPlaces-444a692e-45a0-4493-9b40-3afaff63e3af]: Assigning socketPath: /var/folders/fl/y2s0d3fj1158vmbnlfft5qx00000gn/T/fire_emu_24130.sock
[debug] [2020-03-17T07:49:57.193Z] [worker-toolsPlaces-444a692e-45a0-4493-9b40-3afaff63e3af]: BUSY
[debug] [2020-03-17T07:49:57.201Z] [runtime-status] [24130] Trigger "toolsPlaces" has been found, beginning invocation!
[info] i  functions: Beginning execution of "toolsPlaces"
[debug] [2020-03-17T07:49:57.201Z] [runtime-status] [24130] triggerDefinition {"regions":["europe-west1"],"httpsTrigger":{},"labels":{"deployment-callable":"true"},"name":"toolsPlaces","entryPoint":"toolsPlaces"}
[debug] [2020-03-17T07:49:57.201Z] [runtime-status] [24130] Running toolsPlaces in mode HTTPS
[debug] [2020-03-17T07:49:57.201Z] [runtime-status] [24130] Attempting to listen to socketPath: /var/folders/fl/y2s0d3fj1158vmbnlfft5qx00000gn/T/fire_emu_24130.sock
[debug] [2020-03-17T07:49:57.202Z] [functions] Runtime ready! Sending request!
[debug] [2020-03-17T07:49:57.203Z] [runtime-status] [24130] Ephemeral server handling POST request
[debug] [2020-03-17T07:49:57.203Z] [runtime-status] [24130] Ephemeral server survived.
[info] i  functions: Finished "toolsPlaces" in ~1s
[debug] [2020-03-17T07:49:57.278Z] [worker-toolsPlaces-444a692e-45a0-4493-9b40-3afaff63e3af]: IDLE
[debug] [2020-03-17T07:49:57.278Z] [work-queue] {"queueLength":0,"workRunningCount":0}
[debug] [2020-03-17T07:50:04.795Z] [work-queue] {"queueLength":1,"workRunningCount":0}
[debug] [2020-03-17T07:50:04.795Z] [work-queue] {"queueLength":0,"workRunningCount":1}
[debug] [2020-03-17T07:50:04.795Z] Accepted request OPTIONS /commmmunity-org/us-central1/toolsPlaces --> toolsPlaces
[debug] [2020-03-17T07:50:04.795Z] [worker-pool] submitWork(triggerId=toolsPlaces)
[debug] [2020-03-17T07:50:04.795Z] [worker-toolsPlaces-444a692e-45a0-4493-9b40-3afaff63e3af]: Assigning socketPath: /var/folders/fl/y2s0d3fj1158vmbnlfft5qx00000gn/T/fire_emu_24130.sock
[debug] [2020-03-17T07:50:04.795Z] [worker-toolsPlaces-444a692e-45a0-4493-9b40-3afaff63e3af]: BUSY
[debug] [2020-03-17T07:50:04.795Z] [runtime-status] [24130] Trigger "toolsPlaces" has been found, beginning invocation!
[info] i  functions: Beginning execution of "toolsPlaces"
[debug] [2020-03-17T07:50:04.796Z] [runtime-status] [24130] triggerDefinition {"regions":["europe-west1"],"httpsTrigger":{},"labels":{"deployment-callable":"true"},"name":"toolsPlaces","entryPoint":"toolsPlaces"}
[debug] [2020-03-17T07:50:04.796Z] [runtime-status] [24130] Running toolsPlaces in mode HTTPS
[debug] [2020-03-17T07:50:04.796Z] [runtime-status] [24130] Attempting to listen to socketPath: /var/folders/fl/y2s0d3fj1158vmbnlfft5qx00000gn/T/fire_emu_24130.sock
[debug] [2020-03-17T07:50:04.797Z] [functions] Runtime ready! Sending request!
[debug] [2020-03-17T07:50:04.798Z] [runtime-status] [24130] Ephemeral server handling OPTIONS request
[debug] [2020-03-17T07:50:04.798Z] [runtime-status] [24130] Ephemeral server survived.
[info] i  functions: Finished "toolsPlaces" in ~1s
[debug] [2020-03-17T07:50:04.799Z] [worker-toolsPlaces-444a692e-45a0-4493-9b40-3afaff63e3af]: IDLE
[debug] [2020-03-17T07:50:04.799Z] [work-queue] {"queueLength":0,"workRunningCount":0}
[debug] [2020-03-17T07:50:04.801Z] [work-queue] {"queueLength":1,"workRunningCount":0}
[debug] [2020-03-17T07:50:04.801Z] [work-queue] {"queueLength":0,"workRunningCount":1}
[debug] [2020-03-17T07:50:04.801Z] Accepted request POST /commmmunity-org/us-central1/toolsPlaces --> toolsPlaces
[debug] [2020-03-17T07:50:04.801Z] [worker-pool] submitWork(triggerId=toolsPlaces)
[debug] [2020-03-17T07:50:04.801Z] [worker-toolsPlaces-444a692e-45a0-4493-9b40-3afaff63e3af]: Assigning socketPath: /var/folders/fl/y2s0d3fj1158vmbnlfft5qx00000gn/T/fire_emu_24130.sock
[debug] [2020-03-17T07:50:04.801Z] [worker-toolsPlaces-444a692e-45a0-4493-9b40-3afaff63e3af]: BUSY
[debug] [2020-03-17T07:50:04.810Z] [runtime-status] [24130] Trigger "toolsPlaces" has been found, beginning invocation!
[info] i  functions: Beginning execution of "toolsPlaces"
[debug] [2020-03-17T07:50:04.810Z] [runtime-status] [24130] triggerDefinition {"regions":["europe-west1"],"httpsTrigger":{},"labels":{"deployment-callable":"true"},"name":"toolsPlaces","entryPoint":"toolsPlaces"}
[debug] [2020-03-17T07:50:04.810Z] [runtime-status] [24130] Running toolsPlaces in mode HTTPS
[debug] [2020-03-17T07:50:04.811Z] [runtime-status] [24130] Attempting to listen to socketPath: /var/folders/fl/y2s0d3fj1158vmbnlfft5qx00000gn/T/fire_emu_24130.sock
[debug] [2020-03-17T07:50:04.813Z] [functions] Runtime ready! Sending request!
[debug] [2020-03-17T07:50:04.814Z] [runtime-status] [24130] Ephemeral server handling POST request
[debug] [2020-03-17T07:50:04.814Z] [runtime-status] [24130] Ephemeral server survived.
[info] i  functions: Finished "toolsPlaces" in ~1s
[debug] [2020-03-17T07:50:04.905Z] [worker-toolsPlaces-444a692e-45a0-4493-9b40-3afaff63e3af]: IDLE
[debug] [2020-03-17T07:50:04.905Z] [work-queue] {"queueLength":0,"workRunningCount":0}
[debug] [2020-03-17T07:50:32.762Z] [work-queue] {"queueLength":1,"workRunningCount":0}
[debug] [2020-03-17T07:50:32.762Z] [work-queue] {"queueLength":0,"workRunningCount":1}
[debug] [2020-03-17T07:50:32.762Z] Accepted request OPTIONS /commmmunity-org/us-central1/toolsPlaces --> toolsPlaces
[debug] [2020-03-17T07:50:32.762Z] [worker-pool] submitWork(triggerId=toolsPlaces)
[debug] [2020-03-17T07:50:32.762Z] [worker-toolsPlaces-444a692e-45a0-4493-9b40-3afaff63e3af]: Assigning socketPath: /var/folders/fl/y2s0d3fj1158vmbnlfft5qx00000gn/T/fire_emu_24130.sock
[debug] [2020-03-17T07:50:32.762Z] [worker-toolsPlaces-444a692e-45a0-4493-9b40-3afaff63e3af]: BUSY
[debug] [2020-03-17T07:50:32.763Z] [runtime-status] [24130] Trigger "toolsPlaces" has been found, beginning invocation!
[info] i  functions: Beginning execution of "toolsPlaces"
[debug] [2020-03-17T07:50:32.763Z] [runtime-status] [24130] triggerDefinition {"regions":["europe-west1"],"httpsTrigger":{},"labels":{"deployment-callable":"true"},"name":"toolsPlaces","entryPoint":"toolsPlaces"}
[debug] [2020-03-17T07:50:32.763Z] [runtime-status] [24130] Running toolsPlaces in mode HTTPS
[debug] [2020-03-17T07:50:32.763Z] [runtime-status] [24130] Attempting to listen to socketPath: /var/folders/fl/y2s0d3fj1158vmbnlfft5qx00000gn/T/fire_emu_24130.sock
[debug] [2020-03-17T07:50:32.764Z] [functions] Runtime ready! Sending request!
[debug] [2020-03-17T07:50:32.765Z] [runtime-status] [24130] Ephemeral server handling OPTIONS request
[debug] [2020-03-17T07:50:32.765Z] [runtime-status] [24130] Ephemeral server survived.
[info] i  functions: Finished "toolsPlaces" in ~1s
[debug] [2020-03-17T07:50:32.766Z] [worker-toolsPlaces-444a692e-45a0-4493-9b40-3afaff63e3af]: IDLE
[debug] [2020-03-17T07:50:32.766Z] [work-queue] {"queueLength":0,"workRunningCount":0}
[debug] [2020-03-17T07:50:32.768Z] [work-queue] {"queueLength":1,"workRunningCount":0}
[debug] [2020-03-17T07:50:32.768Z] [work-queue] {"queueLength":0,"workRunningCount":1}
[debug] [2020-03-17T07:50:32.768Z] Accepted request POST /commmmunity-org/us-central1/toolsPlaces --> toolsPlaces
[debug] [2020-03-17T07:50:32.768Z] [worker-pool] submitWork(triggerId=toolsPlaces)
[debug] [2020-03-17T07:50:32.768Z] [worker-toolsPlaces-444a692e-45a0-4493-9b40-3afaff63e3af]: Assigning socketPath: /var/folders/fl/y2s0d3fj1158vmbnlfft5qx00000gn/T/fire_emu_24130.sock
[debug] [2020-03-17T07:50:32.768Z] [worker-toolsPlaces-444a692e-45a0-4493-9b40-3afaff63e3af]: BUSY
[debug] [2020-03-17T07:50:32.776Z] [runtime-status] [24130] Trigger "toolsPlaces" has been found, beginning invocation!
[info] i  functions: Beginning execution of "toolsPlaces"
[debug] [2020-03-17T07:50:32.777Z] [runtime-status] [24130] triggerDefinition {"regions":["europe-west1"],"httpsTrigger":{},"labels":{"deployment-callable":"true"},"name":"toolsPlaces","entryPoint":"toolsPlaces"}
[debug] [2020-03-17T07:50:32.777Z] [runtime-status] [24130] Running toolsPlaces in mode HTTPS
[debug] [2020-03-17T07:50:32.777Z] [runtime-status] [24130] Attempting to listen to socketPath: /var/folders/fl/y2s0d3fj1158vmbnlfft5qx00000gn/T/fire_emu_24130.sock
[debug] [2020-03-17T07:50:32.778Z] [functions] Runtime ready! Sending request!
[debug] [2020-03-17T07:50:32.780Z] [runtime-status] [24130] Ephemeral server handling POST request
[debug] [2020-03-17T07:50:32.781Z] [runtime-status] [24130] Ephemeral server survived.
[info] i  functions: Finished "toolsPlaces" in ~1s
[debug] [2020-03-17T07:50:32.856Z] [worker-toolsPlaces-444a692e-45a0-4493-9b40-3afaff63e3af]: IDLE
[debug] [2020-03-17T07:50:32.857Z] [work-queue] {"queueLength":0,"workRunningCount":0}
[debug] [2020-03-17T07:50:33.768Z] [work-queue] {"queueLength":1,"workRunningCount":0}
[debug] [2020-03-17T07:50:33.769Z] [work-queue] {"queueLength":0,"workRunningCount":1}
[debug] [2020-03-17T07:50:33.769Z] Accepted request POST /commmmunity-org/us-central1/toolsPlaces --> toolsPlaces
[debug] [2020-03-17T07:50:33.769Z] [worker-pool] submitWork(triggerId=toolsPlaces)
[debug] [2020-03-17T07:50:33.769Z] [worker-toolsPlaces-444a692e-45a0-4493-9b40-3afaff63e3af]: Assigning socketPath: /var/folders/fl/y2s0d3fj1158vmbnlfft5qx00000gn/T/fire_emu_24130.sock
[debug] [2020-03-17T07:50:33.769Z] [worker-toolsPlaces-444a692e-45a0-4493-9b40-3afaff63e3af]: BUSY
[debug] [2020-03-17T07:50:33.769Z] [runtime-status] [24130] Trigger "toolsPlaces" has been found, beginning invocation!
[info] i  functions: Beginning execution of "toolsPlaces"
[debug] [2020-03-17T07:50:33.770Z] [runtime-status] [24130] triggerDefinition {"regions":["europe-west1"],"httpsTrigger":{},"labels":{"deployment-callable":"true"},"name":"toolsPlaces","entryPoint":"toolsPlaces"}
[debug] [2020-03-17T07:50:33.770Z] [runtime-status] [24130] Running toolsPlaces in mode HTTPS
[debug] [2020-03-17T07:50:33.770Z] [runtime-status] [24130] Attempting to listen to socketPath: /var/folders/fl/y2s0d3fj1158vmbnlfft5qx00000gn/T/fire_emu_24130.sock
[debug] [2020-03-17T07:50:33.771Z] [functions] Runtime ready! Sending request!
[debug] [2020-03-17T07:50:33.772Z] [runtime-status] [24130] Ephemeral server handling POST request
[debug] [2020-03-17T07:50:33.772Z] [runtime-status] [24130] Ephemeral server survived.
[info] i  functions: Finished "toolsPlaces" in ~1s
[debug] [2020-03-17T07:50:33.884Z] [worker-toolsPlaces-444a692e-45a0-4493-9b40-3afaff63e3af]: IDLE
[debug] [2020-03-17T07:50:33.884Z] [work-queue] {"queueLength":0,"workRunningCount":0}
[debug] [2020-03-17T07:50:34.602Z] [work-queue] {"queueLength":1,"workRunningCount":0}
[debug] [2020-03-17T07:50:34.602Z] [work-queue] {"queueLength":0,"workRunningCount":1}
[debug] [2020-03-17T07:50:34.602Z] Accepted request POST /commmmunity-org/us-central1/toolsPlaces --> toolsPlaces
[debug] [2020-03-17T07:50:34.602Z] [worker-pool] submitWork(triggerId=toolsPlaces)
[debug] [2020-03-17T07:50:34.602Z] [worker-toolsPlaces-444a692e-45a0-4493-9b40-3afaff63e3af]: Assigning socketPath: /var/folders/fl/y2s0d3fj1158vmbnlfft5qx00000gn/T/fire_emu_24130.sock
[debug] [2020-03-17T07:50:34.602Z] [worker-toolsPlaces-444a692e-45a0-4493-9b40-3afaff63e3af]: BUSY
[debug] [2020-03-17T07:50:34.603Z] [runtime-status] [24130] Trigger "toolsPlaces" has been found, beginning invocation!
[info] i  functions: Beginning execution of "toolsPlaces"
[debug] [2020-03-17T07:50:34.603Z] [runtime-status] [24130] triggerDefinition {"regions":["europe-west1"],"httpsTrigger":{},"labels":{"deployment-callable":"true"},"name":"toolsPlaces","entryPoint":"toolsPlaces"}
[debug] [2020-03-17T07:50:34.603Z] [runtime-status] [24130] Running toolsPlaces in mode HTTPS
[debug] [2020-03-17T07:50:34.603Z] [runtime-status] [24130] Attempting to listen to socketPath: /var/folders/fl/y2s0d3fj1158vmbnlfft5qx00000gn/T/fire_emu_24130.sock
[debug] [2020-03-17T07:50:34.604Z] [functions] Runtime ready! Sending request!
[debug] [2020-03-17T07:50:34.605Z] [runtime-status] [24130] Ephemeral server handling POST request
[debug] [2020-03-17T07:50:34.605Z] [runtime-status] [24130] Ephemeral server survived.
[info] i  functions: Finished "toolsPlaces" in ~1s
[debug] [2020-03-17T07:50:34.704Z] [worker-toolsPlaces-444a692e-45a0-4493-9b40-3afaff63e3af]: IDLE
[debug] [2020-03-17T07:50:34.704Z] [work-queue] {"queueLength":0,"workRunningCount":0}
[debug] [2020-03-17T07:50:35.378Z] [work-queue] {"queueLength":1,"workRunningCount":0}
[debug] [2020-03-17T07:50:35.378Z] [work-queue] {"queueLength":0,"workRunningCount":1}
[debug] [2020-03-17T07:50:35.378Z] Accepted request POST /commmmunity-org/us-central1/toolsPlaces --> toolsPlaces
[debug] [2020-03-17T07:50:35.378Z] [worker-pool] submitWork(triggerId=toolsPlaces)
[debug] [2020-03-17T07:50:35.378Z] [worker-toolsPlaces-444a692e-45a0-4493-9b40-3afaff63e3af]: Assigning socketPath: /var/folders/fl/y2s0d3fj1158vmbnlfft5qx00000gn/T/fire_emu_24130.sock
[debug] [2020-03-17T07:50:35.378Z] [worker-toolsPlaces-444a692e-45a0-4493-9b40-3afaff63e3af]: BUSY
[debug] [2020-03-17T07:50:35.379Z] [runtime-status] [24130] Trigger "toolsPlaces" has been found, beginning invocation!
[info] i  functions: Beginning execution of "toolsPlaces"
[debug] [2020-03-17T07:50:35.379Z] [runtime-status] [24130] triggerDefinition {"regions":["europe-west1"],"httpsTrigger":{},"labels":{"deployment-callable":"true"},"name":"toolsPlaces","entryPoint":"toolsPlaces"}
[debug] [2020-03-17T07:50:35.379Z] [runtime-status] [24130] Running toolsPlaces in mode HTTPS
[debug] [2020-03-17T07:50:35.380Z] [runtime-status] [24130] Attempting to listen to socketPath: /var/folders/fl/y2s0d3fj1158vmbnlfft5qx00000gn/T/fire_emu_24130.sock
[debug] [2020-03-17T07:50:35.380Z] [functions] Runtime ready! Sending request!
[debug] [2020-03-17T07:50:35.382Z] [runtime-status] [24130] Ephemeral server handling POST request
[debug] [2020-03-17T07:50:35.382Z] [runtime-status] [24130] Ephemeral server survived.
[info] i  functions: Finished "toolsPlaces" in ~1s
[debug] [2020-03-17T07:50:35.493Z] [worker-toolsPlaces-444a692e-45a0-4493-9b40-3afaff63e3af]: IDLE
[debug] [2020-03-17T07:50:35.493Z] [work-queue] {"queueLength":0,"workRunningCount":0}
[debug] [2020-03-17T07:50:36.324Z] [work-queue] {"queueLength":1,"workRunningCount":0}
[debug] [2020-03-17T07:50:36.324Z] [work-queue] {"queueLength":0,"workRunningCount":1}
[debug] [2020-03-17T07:50:36.324Z] Accepted request POST /commmmunity-org/us-central1/toolsPlaces --> toolsPlaces
[debug] [2020-03-17T07:50:36.324Z] [worker-pool] submitWork(triggerId=toolsPlaces)
[debug] [2020-03-17T07:50:36.324Z] [worker-toolsPlaces-444a692e-45a0-4493-9b40-3afaff63e3af]: Assigning socketPath: /var/folders/fl/y2s0d3fj1158vmbnlfft5qx00000gn/T/fire_emu_24130.sock
[debug] [2020-03-17T07:50:36.324Z] [worker-toolsPlaces-444a692e-45a0-4493-9b40-3afaff63e3af]: BUSY
[debug] [2020-03-17T07:50:36.325Z] [runtime-status] [24130] Trigger "toolsPlaces" has been found, beginning invocation!
[info] i  functions: Beginning execution of "toolsPlaces"
[debug] [2020-03-17T07:50:36.325Z] [runtime-status] [24130] triggerDefinition {"regions":["europe-west1"],"httpsTrigger":{},"labels":{"deployment-callable":"true"},"name":"toolsPlaces","entryPoint":"toolsPlaces"}
[debug] [2020-03-17T07:50:36.325Z] [runtime-status] [24130] Running toolsPlaces in mode HTTPS
[debug] [2020-03-17T07:50:36.327Z] [runtime-status] [24130] Attempting to listen to socketPath: /var/folders/fl/y2s0d3fj1158vmbnlfft5qx00000gn/T/fire_emu_24130.sock
[debug] [2020-03-17T07:50:36.327Z] [functions] Runtime ready! Sending request!
[debug] [2020-03-17T07:50:36.329Z] [runtime-status] [24130] Ephemeral server handling POST request
[debug] [2020-03-17T07:50:36.329Z] [runtime-status] [24130] Ephemeral server survived.
[info] >  Error: ZERO_RESULTS
[info] >      at GooglePlaces.<anonymous> (/Users/jc/dev/app/functions/node_modules/google-places-web/dist/google/Places.js:124:27)
[info] >      at Generator.next (<anonymous>)
[info] >      at fulfilled (/Users/jc/dev/app/functions/node_modules/google-places-web/dist/google/Places.js:4:58)
[info] >      at process._tickCallback (internal/process/next_tick.js:68:7)
[info] i  functions: Finished "toolsPlaces" in ~1s
[debug] [2020-03-17T07:50:36.423Z] [worker-toolsPlaces-444a692e-45a0-4493-9b40-3afaff63e3af]: IDLE
[debug] [2020-03-17T07:50:36.423Z] [work-queue] {"queueLength":0,"workRunningCount":0}
[debug] [2020-03-17T07:50:37.259Z] [work-queue] {"queueLength":1,"workRunningCount":0}
[debug] [2020-03-17T07:50:37.260Z] [work-queue] {"queueLength":0,"workRunningCount":1}
[debug] [2020-03-17T07:50:37.260Z] Accepted request POST /commmmunity-org/us-central1/toolsPlaces --> toolsPlaces
[debug] [2020-03-17T07:50:37.260Z] [worker-pool] submitWork(triggerId=toolsPlaces)
[debug] [2020-03-17T07:50:37.260Z] [worker-toolsPlaces-444a692e-45a0-4493-9b40-3afaff63e3af]: Assigning socketPath: /var/folders/fl/y2s0d3fj1158vmbnlfft5qx00000gn/T/fire_emu_24130.sock
[debug] [2020-03-17T07:50:37.260Z] [worker-toolsPlaces-444a692e-45a0-4493-9b40-3afaff63e3af]: BUSY
[debug] [2020-03-17T07:50:37.260Z] [runtime-status] [24130] Trigger "toolsPlaces" has been found, beginning invocation!
[info] i  functions: Beginning execution of "toolsPlaces"
[debug] [2020-03-17T07:50:37.261Z] [runtime-status] [24130] triggerDefinition {"regions":["europe-west1"],"httpsTrigger":{},"labels":{"deployment-callable":"true"},"name":"toolsPlaces","entryPoint":"toolsPlaces"}
[debug] [2020-03-17T07:50:37.261Z] [runtime-status] [24130] Running toolsPlaces in mode HTTPS
[debug] [2020-03-17T07:50:37.261Z] [runtime-status] [24130] Attempting to listen to socketPath: /var/folders/fl/y2s0d3fj1158vmbnlfft5qx00000gn/T/fire_emu_24130.sock
[debug] [2020-03-17T07:50:37.262Z] [functions] Runtime ready! Sending request!
[debug] [2020-03-17T07:50:37.263Z] [runtime-status] [24130] Ephemeral server handling POST request
[debug] [2020-03-17T07:50:37.263Z] [runtime-status] [24130] Ephemeral server survived.
[info] >  Error: ZERO_RESULTS
[info] >      at GooglePlaces.<anonymous> (/Users/jc/dev/app/functions/node_modules/google-places-web/dist/google/Places.js:124:27)
[info] >      at Generator.next (<anonymous>)
[info] >      at fulfilled (/Users/jc/dev/app/functions/node_modules/google-places-web/dist/google/Places.js:4:58)
[info] >      at process._tickCallback (internal/process/next_tick.js:68:7)
[info] i  functions: Finished "toolsPlaces" in ~1s
[debug] [2020-03-17T07:50:37.327Z] [worker-toolsPlaces-444a692e-45a0-4493-9b40-3afaff63e3af]: IDLE
[debug] [2020-03-17T07:50:37.327Z] [work-queue] {"queueLength":0,"workRunningCount":0}
[debug] [2020-03-17T07:50:38.006Z] [work-queue] {"queueLength":1,"workRunningCount":0}
[debug] [2020-03-17T07:50:38.006Z] [work-queue] {"queueLength":0,"workRunningCount":1}
[debug] [2020-03-17T07:50:38.006Z] Accepted request OPTIONS /commmmunity-org/us-central1/toolsPlaces --> toolsPlaces
[debug] [2020-03-17T07:50:38.007Z] [worker-pool] submitWork(triggerId=toolsPlaces)
[debug] [2020-03-17T07:50:38.007Z] [worker-toolsPlaces-444a692e-45a0-4493-9b40-3afaff63e3af]: Assigning socketPath: /var/folders/fl/y2s0d3fj1158vmbnlfft5qx00000gn/T/fire_emu_24130.sock
[debug] [2020-03-17T07:50:38.007Z] [worker-toolsPlaces-444a692e-45a0-4493-9b40-3afaff63e3af]: BUSY
[debug] [2020-03-17T07:50:38.007Z] [runtime-status] [24130] Trigger "toolsPlaces" has been found, beginning invocation!
[info] i  functions: Beginning execution of "toolsPlaces"
[debug] [2020-03-17T07:50:38.007Z] [runtime-status] [24130] triggerDefinition {"regions":["europe-west1"],"httpsTrigger":{},"labels":{"deployment-callable":"true"},"name":"toolsPlaces","entryPoint":"toolsPlaces"}
[debug] [2020-03-17T07:50:38.008Z] [runtime-status] [24130] Running toolsPlaces in mode HTTPS
[debug] [2020-03-17T07:50:38.008Z] [runtime-status] [24130] Attempting to listen to socketPath: /var/folders/fl/y2s0d3fj1158vmbnlfft5qx00000gn/T/fire_emu_24130.sock
[debug] [2020-03-17T07:50:38.008Z] [functions] Runtime ready! Sending request!
[debug] [2020-03-17T07:50:38.009Z] [runtime-status] [24130] Ephemeral server handling OPTIONS request
[debug] [2020-03-17T07:50:38.010Z] [runtime-status] [24130] Ephemeral server survived.
[info] i  functions: Finished "toolsPlaces" in ~1s
[debug] [2020-03-17T07:50:38.010Z] [worker-toolsPlaces-444a692e-45a0-4493-9b40-3afaff63e3af]: IDLE
[debug] [2020-03-17T07:50:38.010Z] [work-queue] {"queueLength":0,"workRunningCount":0}
[debug] [2020-03-17T07:50:38.013Z] [work-queue] {"queueLength":1,"workRunningCount":0}
[debug] [2020-03-17T07:50:38.013Z] [work-queue] {"queueLength":0,"workRunningCount":1}
[debug] [2020-03-17T07:50:38.013Z] Accepted request POST /commmmunity-org/us-central1/toolsPlaces --> toolsPlaces
[debug] [2020-03-17T07:50:38.013Z] [worker-pool] submitWork(triggerId=toolsPlaces)
[debug] [2020-03-17T07:50:38.013Z] [worker-toolsPlaces-444a692e-45a0-4493-9b40-3afaff63e3af]: Assigning socketPath: /var/folders/fl/y2s0d3fj1158vmbnlfft5qx00000gn/T/fire_emu_24130.sock
[debug] [2020-03-17T07:50:38.013Z] [worker-toolsPlaces-444a692e-45a0-4493-9b40-3afaff63e3af]: BUSY
[debug] [2020-03-17T07:50:38.021Z] [runtime-status] [24130] Trigger "toolsPlaces" has been found, beginning invocation!
[info] i  functions: Beginning execution of "toolsPlaces"
[debug] [2020-03-17T07:50:38.021Z] [runtime-status] [24130] triggerDefinition {"regions":["europe-west1"],"httpsTrigger":{},"labels":{"deployment-callable":"true"},"name":"toolsPlaces","entryPoint":"toolsPlaces"}
[debug] [2020-03-17T07:50:38.021Z] [runtime-status] [24130] Running toolsPlaces in mode HTTPS
[debug] [2020-03-17T07:50:38.022Z] [runtime-status] [24130] Attempting to listen to socketPath: /var/folders/fl/y2s0d3fj1158vmbnlfft5qx00000gn/T/fire_emu_24130.sock
[debug] [2020-03-17T07:50:38.022Z] [functions] Runtime ready! Sending request!
[debug] [2020-03-17T07:50:38.024Z] [runtime-status] [24130] Ephemeral server handling POST request
[debug] [2020-03-17T07:50:38.024Z] [runtime-status] [24130] Ephemeral server survived.
[info] >  Error: ZERO_RESULTS
[info] >      at GooglePlaces.<anonymous> (/Users/jc/dev/app/functions/node_modules/google-places-web/dist/google/Places.js:124:27)
[info] >      at Generator.next (<anonymous>)
[info] >      at fulfilled (/Users/jc/dev/app/functions/node_modules/google-places-web/dist/google/Places.js:4:58)
[info] >      at process._tickCallback (internal/process/next_tick.js:68:7)
[info] i  functions: Finished "toolsPlaces" in ~1s
[debug] [2020-03-17T07:50:38.119Z] [worker-toolsPlaces-444a692e-45a0-4493-9b40-3afaff63e3af]: IDLE
[debug] [2020-03-17T07:50:38.119Z] [work-queue] {"queueLength":0,"workRunningCount":0}
[debug] [2020-03-17T07:50:38.463Z] [work-queue] {"queueLength":1,"workRunningCount":0}
[debug] [2020-03-17T07:50:38.464Z] [work-queue] {"queueLength":0,"workRunningCount":1}
[debug] [2020-03-17T07:50:38.464Z] Accepted request POST /commmmunity-org/us-central1/toolsPlaces --> toolsPlaces
[debug] [2020-03-17T07:50:38.464Z] [worker-pool] submitWork(triggerId=toolsPlaces)
[debug] [2020-03-17T07:50:38.464Z] [worker-toolsPlaces-444a692e-45a0-4493-9b40-3afaff63e3af]: Assigning socketPath: /var/folders/fl/y2s0d3fj1158vmbnlfft5qx00000gn/T/fire_emu_24130.sock
[debug] [2020-03-17T07:50:38.464Z] [worker-toolsPlaces-444a692e-45a0-4493-9b40-3afaff63e3af]: BUSY
[debug] [2020-03-17T07:50:38.464Z] [runtime-status] [24130] Trigger "toolsPlaces" has been found, beginning invocation!
[info] i  functions: Beginning execution of "toolsPlaces"
[debug] [2020-03-17T07:50:38.465Z] [runtime-status] [24130] triggerDefinition {"regions":["europe-west1"],"httpsTrigger":{},"labels":{"deployment-callable":"true"},"name":"toolsPlaces","entryPoint":"toolsPlaces"}
[debug] [2020-03-17T07:50:38.465Z] [runtime-status] [24130] Running toolsPlaces in mode HTTPS
[debug] [2020-03-17T07:50:38.465Z] [runtime-status] [24130] Attempting to listen to socketPath: /var/folders/fl/y2s0d3fj1158vmbnlfft5qx00000gn/T/fire_emu_24130.sock
[debug] [2020-03-17T07:50:38.465Z] [functions] Runtime ready! Sending request!
[debug] [2020-03-17T07:50:38.466Z] [runtime-status] [24130] Ephemeral server handling POST request
[debug] [2020-03-17T07:50:38.467Z] [runtime-status] [24130] Ephemeral server survived.
[info] >  Error: ZERO_RESULTS
[info] >      at GooglePlaces.<anonymous> (/Users/jc/dev/app/functions/node_modules/google-places-web/dist/google/Places.js:124:27)
[info] >      at Generator.next (<anonymous>)
[info] >      at fulfilled (/Users/jc/dev/app/functions/node_modules/google-places-web/dist/google/Places.js:4:58)
[info] >      at process._tickCallback (internal/process/next_tick.js:68:7)
[info] i  functions: Finished "toolsPlaces" in ~1s
[debug] [2020-03-17T07:50:38.556Z] [worker-toolsPlaces-444a692e-45a0-4493-9b40-3afaff63e3af]: IDLE
[debug] [2020-03-17T07:50:38.556Z] [work-queue] {"queueLength":0,"workRunningCount":0}
[debug] [2020-03-17T07:50:38.964Z] [work-queue] {"queueLength":1,"workRunningCount":0}
[debug] [2020-03-17T07:50:38.964Z] [work-queue] {"queueLength":0,"workRunningCount":1}
[debug] [2020-03-17T07:50:38.964Z] Accepted request POST /commmmunity-org/us-central1/toolsPlaces --> toolsPlaces
[debug] [2020-03-17T07:50:38.964Z] [worker-pool] submitWork(triggerId=toolsPlaces)
[debug] [2020-03-17T07:50:38.964Z] [worker-toolsPlaces-444a692e-45a0-4493-9b40-3afaff63e3af]: Assigning socketPath: /var/folders/fl/y2s0d3fj1158vmbnlfft5qx00000gn/T/fire_emu_24130.sock
[debug] [2020-03-17T07:50:38.964Z] [worker-toolsPlaces-444a692e-45a0-4493-9b40-3afaff63e3af]: BUSY
[debug] [2020-03-17T07:50:38.965Z] [runtime-status] [24130] Trigger "toolsPlaces" has been found, beginning invocation!
[info] i  functions: Beginning execution of "toolsPlaces"
[debug] [2020-03-17T07:50:38.965Z] [runtime-status] [24130] triggerDefinition {"regions":["europe-west1"],"httpsTrigger":{},"labels":{"deployment-callable":"true"},"name":"toolsPlaces","entryPoint":"toolsPlaces"}
[debug] [2020-03-17T07:50:38.965Z] [runtime-status] [24130] Running toolsPlaces in mode HTTPS
[debug] [2020-03-17T07:50:38.965Z] [runtime-status] [24130] Attempting to listen to socketPath: /var/folders/fl/y2s0d3fj1158vmbnlfft5qx00000gn/T/fire_emu_24130.sock
[debug] [2020-03-17T07:50:38.966Z] [functions] Runtime ready! Sending request!
[debug] [2020-03-17T07:50:38.967Z] [runtime-status] [24130] Ephemeral server handling POST request
[debug] [2020-03-17T07:50:38.967Z] [runtime-status] [24130] Ephemeral server survived.
[info] >  Error: ZERO_RESULTS
[info] >      at GooglePlaces.<anonymous> (/Users/jc/dev/app/functions/node_modules/google-places-web/dist/google/Places.js:124:27)
[info] >      at Generator.next (<anonymous>)
[info] >      at fulfilled (/Users/jc/dev/app/functions/node_modules/google-places-web/dist/google/Places.js:4:58)
[info] >      at process._tickCallback (internal/process/next_tick.js:68:7)
[info] i  functions: Finished "toolsPlaces" in ~1s
[debug] [2020-03-17T07:50:39.077Z] [worker-toolsPlaces-444a692e-45a0-4493-9b40-3afaff63e3af]: IDLE
[debug] [2020-03-17T07:50:39.077Z] [work-queue] {"queueLength":0,"workRunningCount":0}
[debug] [2020-03-17T07:50:39.329Z] [work-queue] {"queueLength":1,"workRunningCount":0}
[debug] [2020-03-17T07:50:39.329Z] [work-queue] {"queueLength":0,"workRunningCount":1}
[debug] [2020-03-17T07:50:39.329Z] Accepted request POST /commmmunity-org/us-central1/toolsPlaces --> toolsPlaces
[debug] [2020-03-17T07:50:39.329Z] [worker-pool] submitWork(triggerId=toolsPlaces)
[debug] [2020-03-17T07:50:39.329Z] [worker-toolsPlaces-444a692e-45a0-4493-9b40-3afaff63e3af]: Assigning socketPath: /var/folders/fl/y2s0d3fj1158vmbnlfft5qx00000gn/T/fire_emu_24130.sock
[debug] [2020-03-17T07:50:39.329Z] [worker-toolsPlaces-444a692e-45a0-4493-9b40-3afaff63e3af]: BUSY
[debug] [2020-03-17T07:50:39.330Z] [runtime-status] [24130] Trigger "toolsPlaces" has been found, beginning invocation!
[info] i  functions: Beginning execution of "toolsPlaces"
[debug] [2020-03-17T07:50:39.330Z] [runtime-status] [24130] triggerDefinition {"regions":["europe-west1"],"httpsTrigger":{},"labels":{"deployment-callable":"true"},"name":"toolsPlaces","entryPoint":"toolsPlaces"}
[debug] [2020-03-17T07:50:39.330Z] [runtime-status] [24130] Running toolsPlaces in mode HTTPS
[debug] [2020-03-17T07:50:39.330Z] [runtime-status] [24130] Attempting to listen to socketPath: /var/folders/fl/y2s0d3fj1158vmbnlfft5qx00000gn/T/fire_emu_24130.sock
[debug] [2020-03-17T07:50:39.331Z] [functions] Runtime ready! Sending request!
[debug] [2020-03-17T07:50:39.332Z] [runtime-status] [24130] Ephemeral server handling POST request
[debug] [2020-03-17T07:50:39.332Z] [runtime-status] [24130] Ephemeral server survived.
[info] >  Error: ZERO_RESULTS
[info] >      at GooglePlaces.<anonymous> (/Users/jc/dev/app/functions/node_modules/google-places-web/dist/google/Places.js:124:27)
[info] >      at Generator.next (<anonymous>)
[info] >      at fulfilled (/Users/jc/dev/app/functions/node_modules/google-places-web/dist/google/Places.js:4:58)
[info] >      at process._tickCallback (internal/process/next_tick.js:68:7)
[info] i  functions: Finished "toolsPlaces" in ~1s
[debug] [2020-03-17T07:50:39.444Z] [worker-toolsPlaces-444a692e-45a0-4493-9b40-3afaff63e3af]: IDLE
[debug] [2020-03-17T07:50:39.444Z] [work-queue] {"queueLength":0,"workRunningCount":0}
[debug] [2020-03-17T07:50:41.035Z] [work-queue] {"queueLength":1,"workRunningCount":0}
[debug] [2020-03-17T07:50:41.036Z] [work-queue] {"queueLength":0,"workRunningCount":1}
[debug] [2020-03-17T07:50:41.036Z] Accepted request POST /commmmunity-org/us-central1/toolsPlaces --> toolsPlaces
[debug] [2020-03-17T07:50:41.036Z] [worker-pool] submitWork(triggerId=toolsPlaces)
[debug] [2020-03-17T07:50:41.036Z] [worker-toolsPlaces-444a692e-45a0-4493-9b40-3afaff63e3af]: Assigning socketPath: /var/folders/fl/y2s0d3fj1158vmbnlfft5qx00000gn/T/fire_emu_24130.sock
[debug] [2020-03-17T07:50:41.036Z] [worker-toolsPlaces-444a692e-45a0-4493-9b40-3afaff63e3af]: BUSY
[debug] [2020-03-17T07:50:41.036Z] [runtime-status] [24130] Trigger "toolsPlaces" has been found, beginning invocation!
[info] i  functions: Beginning execution of "toolsPlaces"
[debug] [2020-03-17T07:50:41.037Z] [runtime-status] [24130] triggerDefinition {"regions":["europe-west1"],"httpsTrigger":{},"labels":{"deployment-callable":"true"},"name":"toolsPlaces","entryPoint":"toolsPlaces"}
[debug] [2020-03-17T07:50:41.037Z] [runtime-status] [24130] Running toolsPlaces in mode HTTPS
[debug] [2020-03-17T07:50:41.037Z] [runtime-status] [24130] Attempting to listen to socketPath: /var/folders/fl/y2s0d3fj1158vmbnlfft5qx00000gn/T/fire_emu_24130.sock
[debug] [2020-03-17T07:50:41.038Z] [functions] Runtime ready! Sending request!
[debug] [2020-03-17T07:50:41.038Z] [runtime-status] [24130] Ephemeral server handling POST request
[debug] [2020-03-17T07:50:41.039Z] [runtime-status] [24130] Ephemeral server survived.
[info] i  functions: Finished "toolsPlaces" in ~1s
[debug] [2020-03-17T07:50:41.107Z] [worker-toolsPlaces-444a692e-45a0-4493-9b40-3afaff63e3af]: IDLE
[debug] [2020-03-17T07:50:41.108Z] [work-queue] {"queueLength":0,"workRunningCount":0}
[debug] [2020-03-17T07:50:42.088Z] [work-queue] {"queueLength":1,"workRunningCount":0}
[debug] [2020-03-17T07:50:42.088Z] [work-queue] {"queueLength":0,"workRunningCount":1}
[debug] [2020-03-17T07:50:42.088Z] Accepted request POST /commmmunity-org/us-central1/toolsPlaces --> toolsPlaces
[debug] [2020-03-17T07:50:42.089Z] [worker-pool] submitWork(triggerId=toolsPlaces)
[debug] [2020-03-17T07:50:42.089Z] [worker-toolsPlaces-444a692e-45a0-4493-9b40-3afaff63e3af]: Assigning socketPath: /var/folders/fl/y2s0d3fj1158vmbnlfft5qx00000gn/T/fire_emu_24130.sock
[debug] [2020-03-17T07:50:42.089Z] [worker-toolsPlaces-444a692e-45a0-4493-9b40-3afaff63e3af]: BUSY
[debug] [2020-03-17T07:50:42.089Z] [runtime-status] [24130] Trigger "toolsPlaces" has been found, beginning invocation!
[info] i  functions: Beginning execution of "toolsPlaces"
[debug] [2020-03-17T07:50:42.090Z] [runtime-status] [24130] triggerDefinition {"regions":["europe-west1"],"httpsTrigger":{},"labels":{"deployment-callable":"true"},"name":"toolsPlaces","entryPoint":"toolsPlaces"}
[debug] [2020-03-17T07:50:42.090Z] [runtime-status] [24130] Running toolsPlaces in mode HTTPS
[debug] [2020-03-17T07:50:42.090Z] [runtime-status] [24130] Attempting to listen to socketPath: /var/folders/fl/y2s0d3fj1158vmbnlfft5qx00000gn/T/fire_emu_24130.sock
[debug] [2020-03-17T07:50:42.091Z] [functions] Runtime ready! Sending request!
[debug] [2020-03-17T07:50:42.091Z] [runtime-status] [24130] Ephemeral server handling POST request
[debug] [2020-03-17T07:50:42.092Z] [runtime-status] [24130] Ephemeral server survived.
[info] i  functions: Finished "toolsPlaces" in ~1s
[debug] [2020-03-17T07:50:42.164Z] [worker-toolsPlaces-444a692e-45a0-4493-9b40-3afaff63e3af]: IDLE
[debug] [2020-03-17T07:50:42.164Z] [work-queue] {"queueLength":0,"workRunningCount":0}
[debug] [2020-03-17T07:50:42.983Z] [work-queue] {"queueLength":1,"workRunningCount":0}
[debug] [2020-03-17T07:50:42.983Z] [work-queue] {"queueLength":0,"workRunningCount":1}
[debug] [2020-03-17T07:50:42.983Z] Accepted request POST /commmmunity-org/us-central1/toolsPlaces --> toolsPlaces
[debug] [2020-03-17T07:50:42.983Z] [worker-pool] submitWork(triggerId=toolsPlaces)
[debug] [2020-03-17T07:50:42.983Z] [worker-toolsPlaces-444a692e-45a0-4493-9b40-3afaff63e3af]: Assigning socketPath: /var/folders/fl/y2s0d3fj1158vmbnlfft5qx00000gn/T/fire_emu_24130.sock
[debug] [2020-03-17T07:50:42.983Z] [worker-toolsPlaces-444a692e-45a0-4493-9b40-3afaff63e3af]: BUSY
[debug] [2020-03-17T07:50:42.984Z] [runtime-status] [24130] Trigger "toolsPlaces" has been found, beginning invocation!
[info] i  functions: Beginning execution of "toolsPlaces"
[debug] [2020-03-17T07:50:42.984Z] [runtime-status] [24130] triggerDefinition {"regions":["europe-west1"],"httpsTrigger":{},"labels":{"deployment-callable":"true"},"name":"toolsPlaces","entryPoint":"toolsPlaces"}
[debug] [2020-03-17T07:50:42.984Z] [runtime-status] [24130] Running toolsPlaces in mode HTTPS
[debug] [2020-03-17T07:50:42.985Z] [runtime-status] [24130] Attempting to listen to socketPath: /var/folders/fl/y2s0d3fj1158vmbnlfft5qx00000gn/T/fire_emu_24130.sock
[debug] [2020-03-17T07:50:42.985Z] [functions] Runtime ready! Sending request!
[debug] [2020-03-17T07:50:42.986Z] [runtime-status] [24130] Ephemeral server handling POST request
[debug] [2020-03-17T07:50:42.986Z] [runtime-status] [24130] Ephemeral server survived.
[info] i  functions: Finished "toolsPlaces" in ~1s
[debug] [2020-03-17T07:50:43.071Z] [worker-toolsPlaces-444a692e-45a0-4493-9b40-3afaff63e3af]: IDLE
[debug] [2020-03-17T07:50:43.071Z] [work-queue] {"queueLength":0,"workRunningCount":0}
[debug] [2020-03-17T07:52:20.604Z] [work-queue] {"queueLength":1,"workRunningCount":0}
[debug] [2020-03-17T07:52:20.604Z] [work-queue] {"queueLength":0,"workRunningCount":1}
[debug] [2020-03-17T07:52:20.604Z] Accepted request OPTIONS /commmmunity-org/us-central1/toolsPlaces --> toolsPlaces
[debug] [2020-03-17T07:52:20.604Z] [worker-pool] submitWork(triggerId=toolsPlaces)
[debug] [2020-03-17T07:52:20.605Z] [worker-toolsPlaces-444a692e-45a0-4493-9b40-3afaff63e3af]: Assigning socketPath: /var/folders/fl/y2s0d3fj1158vmbnlfft5qx00000gn/T/fire_emu_24130.sock
[debug] [2020-03-17T07:52:20.605Z] [worker-toolsPlaces-444a692e-45a0-4493-9b40-3afaff63e3af]: BUSY
[debug] [2020-03-17T07:52:20.605Z] [runtime-status] [24130] Trigger "toolsPlaces" has been found, beginning invocation!
[info] i  functions: Beginning execution of "toolsPlaces"
[debug] [2020-03-17T07:52:20.605Z] [runtime-status] [24130] triggerDefinition {"regions":["europe-west1"],"httpsTrigger":{},"labels":{"deployment-callable":"true"},"name":"toolsPlaces","entryPoint":"toolsPlaces"}
[debug] [2020-03-17T07:52:20.605Z] [runtime-status] [24130] Running toolsPlaces in mode HTTPS
[debug] [2020-03-17T07:52:20.606Z] [runtime-status] [24130] Attempting to listen to socketPath: /var/folders/fl/y2s0d3fj1158vmbnlfft5qx00000gn/T/fire_emu_24130.sock
[debug] [2020-03-17T07:52:20.606Z] [functions] Runtime ready! Sending request!
[debug] [2020-03-17T07:52:20.607Z] [runtime-status] [24130] Ephemeral server handling OPTIONS request
[debug] [2020-03-17T07:52:20.607Z] [runtime-status] [24130] Ephemeral server survived.
[info] i  functions: Finished "toolsPlaces" in ~1s
[debug] [2020-03-17T07:52:20.608Z] [worker-toolsPlaces-444a692e-45a0-4493-9b40-3afaff63e3af]: IDLE
[debug] [2020-03-17T07:52:20.608Z] [work-queue] {"queueLength":0,"workRunningCount":0}
[debug] [2020-03-17T07:52:20.611Z] [work-queue] {"queueLength":1,"workRunningCount":0}
[debug] [2020-03-17T07:52:20.611Z] [work-queue] {"queueLength":0,"workRunningCount":1}
[debug] [2020-03-17T07:52:20.611Z] Accepted request POST /commmmunity-org/us-central1/toolsPlaces --> toolsPlaces
[debug] [2020-03-17T07:52:20.611Z] [worker-pool] submitWork(triggerId=toolsPlaces)
[debug] [2020-03-17T07:52:20.611Z] [worker-toolsPlaces-444a692e-45a0-4493-9b40-3afaff63e3af]: Assigning socketPath: /var/folders/fl/y2s0d3fj1158vmbnlfft5qx00000gn/T/fire_emu_24130.sock
[debug] [2020-03-17T07:52:20.611Z] [worker-toolsPlaces-444a692e-45a0-4493-9b40-3afaff63e3af]: BUSY
[debug] [2020-03-17T07:52:20.617Z] [runtime-status] [24130] Trigger "toolsPlaces" has been found, beginning invocation!
[info] i  functions: Beginning execution of "toolsPlaces"
[debug] [2020-03-17T07:52:20.618Z] [runtime-status] [24130] triggerDefinition {"regions":["europe-west1"],"httpsTrigger":{},"labels":{"deployment-callable":"true"},"name":"toolsPlaces","entryPoint":"toolsPlaces"}
[debug] [2020-03-17T07:52:20.618Z] [runtime-status] [24130] Running toolsPlaces in mode HTTPS
[debug] [2020-03-17T07:52:20.618Z] [runtime-status] [24130] Attempting to listen to socketPath: /var/folders/fl/y2s0d3fj1158vmbnlfft5qx00000gn/T/fire_emu_24130.sock
[debug] [2020-03-17T07:52:20.618Z] [functions] Runtime ready! Sending request!
[debug] [2020-03-17T07:52:20.619Z] [runtime-status] [24130] Ephemeral server handling POST request
[debug] [2020-03-17T07:52:20.620Z] [runtime-status] [24130] Ephemeral server survived.
[info] i  functions: Finished "toolsPlaces" in ~1s
[debug] [2020-03-17T07:52:20.685Z] [worker-toolsPlaces-444a692e-45a0-4493-9b40-3afaff63e3af]: IDLE
[debug] [2020-03-17T07:52:20.686Z] [work-queue] {"queueLength":0,"workRunningCount":0}
[debug] [2020-03-17T07:52:20.974Z] [work-queue] {"queueLength":1,"workRunningCount":0}
[debug] [2020-03-17T07:52:20.974Z] [work-queue] {"queueLength":0,"workRunningCount":1}
[debug] [2020-03-17T07:52:20.974Z] Accepted request POST /commmmunity-org/us-central1/toolsPlaces --> toolsPlaces
[debug] [2020-03-17T07:52:20.974Z] [worker-pool] submitWork(triggerId=toolsPlaces)
[debug] [2020-03-17T07:52:20.974Z] [worker-toolsPlaces-444a692e-45a0-4493-9b40-3afaff63e3af]: Assigning socketPath: /var/folders/fl/y2s0d3fj1158vmbnlfft5qx00000gn/T/fire_emu_24130.sock
[debug] [2020-03-17T07:52:20.974Z] [worker-toolsPlaces-444a692e-45a0-4493-9b40-3afaff63e3af]: BUSY
[debug] [2020-03-17T07:52:20.975Z] [runtime-status] [24130] Trigger "toolsPlaces" has been found, beginning invocation!
[info] i  functions: Beginning execution of "toolsPlaces"
[debug] [2020-03-17T07:52:20.975Z] [runtime-status] [24130] triggerDefinition {"regions":["europe-west1"],"httpsTrigger":{},"labels":{"deployment-callable":"true"},"name":"toolsPlaces","entryPoint":"toolsPlaces"}
[debug] [2020-03-17T07:52:20.975Z] [runtime-status] [24130] Running toolsPlaces in mode HTTPS
[debug] [2020-03-17T07:52:20.975Z] [runtime-status] [24130] Attempting to listen to socketPath: /var/folders/fl/y2s0d3fj1158vmbnlfft5qx00000gn/T/fire_emu_24130.sock
[debug] [2020-03-17T07:52:20.976Z] [functions] Runtime ready! Sending request!
[debug] [2020-03-17T07:52:20.977Z] [runtime-status] [24130] Ephemeral server handling POST request
[debug] [2020-03-17T07:52:20.977Z] [runtime-status] [24130] Ephemeral server survived.
[info] i  functions: Finished "toolsPlaces" in ~1s
[debug] [2020-03-17T07:52:21.083Z] [worker-toolsPlaces-444a692e-45a0-4493-9b40-3afaff63e3af]: IDLE
[debug] [2020-03-17T07:52:21.083Z] [work-queue] {"queueLength":0,"workRunningCount":0}
[debug] [2020-03-17T07:52:21.815Z] [work-queue] {"queueLength":1,"workRunningCount":0}
[debug] [2020-03-17T07:52:21.815Z] [work-queue] {"queueLength":0,"workRunningCount":1}
[debug] [2020-03-17T07:52:21.815Z] Accepted request POST /commmmunity-org/us-central1/toolsPlaces --> toolsPlaces
[debug] [2020-03-17T07:52:21.816Z] [worker-pool] submitWork(triggerId=toolsPlaces)
[debug] [2020-03-17T07:52:21.816Z] [worker-toolsPlaces-444a692e-45a0-4493-9b40-3afaff63e3af]: Assigning socketPath: /var/folders/fl/y2s0d3fj1158vmbnlfft5qx00000gn/T/fire_emu_24130.sock
[debug] [2020-03-17T07:52:21.816Z] [worker-toolsPlaces-444a692e-45a0-4493-9b40-3afaff63e3af]: BUSY
[debug] [2020-03-17T07:52:21.816Z] [runtime-status] [24130] Trigger "toolsPlaces" has been found, beginning invocation!
[info] i  functions: Beginning execution of "toolsPlaces"
[debug] [2020-03-17T07:52:21.817Z] [runtime-status] [24130] triggerDefinition {"regions":["europe-west1"],"httpsTrigger":{},"labels":{"deployment-callable":"true"},"name":"toolsPlaces","entryPoint":"toolsPlaces"}
[debug] [2020-03-17T07:52:21.817Z] [runtime-status] [24130] Running toolsPlaces in mode HTTPS
[debug] [2020-03-17T07:52:21.817Z] [runtime-status] [24130] Attempting to listen to socketPath: /var/folders/fl/y2s0d3fj1158vmbnlfft5qx00000gn/T/fire_emu_24130.sock
[debug] [2020-03-17T07:52:21.817Z] [functions] Runtime ready! Sending request!
[debug] [2020-03-17T07:52:21.818Z] [runtime-status] [24130] Ephemeral server handling POST request
[debug] [2020-03-17T07:52:21.819Z] [runtime-status] [24130] Ephemeral server survived.
[info] i  functions: Finished "toolsPlaces" in ~1s
[debug] [2020-03-17T07:52:21.903Z] [worker-toolsPlaces-444a692e-45a0-4493-9b40-3afaff63e3af]: IDLE
[debug] [2020-03-17T07:52:21.903Z] [work-queue] {"queueLength":0,"workRunningCount":0}
[debug] [2020-03-17T07:52:25.546Z] [work-queue] {"queueLength":1,"workRunningCount":0}
[debug] [2020-03-17T07:52:25.546Z] [work-queue] {"queueLength":0,"workRunningCount":1}
[debug] [2020-03-17T07:52:25.547Z] Accepted request POST /commmmunity-org/us-central1/toolsPlaces --> toolsPlaces
[debug] [2020-03-17T07:52:25.547Z] [worker-pool] submitWork(triggerId=toolsPlaces)
[debug] [2020-03-17T07:52:25.547Z] [worker-toolsPlaces-444a692e-45a0-4493-9b40-3afaff63e3af]: Assigning socketPath: /var/folders/fl/y2s0d3fj1158vmbnlfft5qx00000gn/T/fire_emu_24130.sock
[debug] [2020-03-17T07:52:25.547Z] [worker-toolsPlaces-444a692e-45a0-4493-9b40-3afaff63e3af]: BUSY
[debug] [2020-03-17T07:52:25.547Z] [runtime-status] [24130] Trigger "toolsPlaces" has been found, beginning invocation!
[info] i  functions: Beginning execution of "toolsPlaces"
[debug] [2020-03-17T07:52:25.548Z] [runtime-status] [24130] triggerDefinition {"regions":["europe-west1"],"httpsTrigger":{},"labels":{"deployment-callable":"true"},"name":"toolsPlaces","entryPoint":"toolsPlaces"}
[debug] [2020-03-17T07:52:25.548Z] [runtime-status] [24130] Running toolsPlaces in mode HTTPS
[debug] [2020-03-17T07:52:25.548Z] [runtime-status] [24130] Attempting to listen to socketPath: /var/folders/fl/y2s0d3fj1158vmbnlfft5qx00000gn/T/fire_emu_24130.sock
[debug] [2020-03-17T07:52:25.548Z] [functions] Runtime ready! Sending request!
[debug] [2020-03-17T07:52:25.549Z] [runtime-status] [24130] Ephemeral server handling POST request
[debug] [2020-03-17T07:52:25.550Z] [runtime-status] [24130] Ephemeral server survived.
[info] i  functions: Finished "toolsPlaces" in ~1s
[debug] [2020-03-17T07:52:25.642Z] [worker-toolsPlaces-444a692e-45a0-4493-9b40-3afaff63e3af]: IDLE
[debug] [2020-03-17T07:52:25.642Z] [work-queue] {"queueLength":0,"workRunningCount":0}
[debug] [2020-03-17T07:52:26.966Z] [work-queue] {"queueLength":1,"workRunningCount":0}
[debug] [2020-03-17T07:52:26.966Z] [work-queue] {"queueLength":0,"workRunningCount":1}
[debug] [2020-03-17T07:52:26.966Z] Accepted request OPTIONS /commmmunity-org/us-central1/toolsPlaces --> toolsPlaces
[debug] [2020-03-17T07:52:26.966Z] [worker-pool] submitWork(triggerId=toolsPlaces)
[debug] [2020-03-17T07:52:26.966Z] [worker-toolsPlaces-444a692e-45a0-4493-9b40-3afaff63e3af]: Assigning socketPath: /var/folders/fl/y2s0d3fj1158vmbnlfft5qx00000gn/T/fire_emu_24130.sock
[debug] [2020-03-17T07:52:26.966Z] [worker-toolsPlaces-444a692e-45a0-4493-9b40-3afaff63e3af]: BUSY
[debug] [2020-03-17T07:52:26.966Z] [runtime-status] [24130] Trigger "toolsPlaces" has been found, beginning invocation!
[info] i  functions: Beginning execution of "toolsPlaces"
[debug] [2020-03-17T07:52:26.967Z] [runtime-status] [24130] triggerDefinition {"regions":["europe-west1"],"httpsTrigger":{},"labels":{"deployment-callable":"true"},"name":"toolsPlaces","entryPoint":"toolsPlaces"}
[debug] [2020-03-17T07:52:26.967Z] [runtime-status] [24130] Running toolsPlaces in mode HTTPS
[debug] [2020-03-17T07:52:26.967Z] [runtime-status] [24130] Attempting to listen to socketPath: /var/folders/fl/y2s0d3fj1158vmbnlfft5qx00000gn/T/fire_emu_24130.sock
[debug] [2020-03-17T07:52:26.967Z] [functions] Runtime ready! Sending request!
[debug] [2020-03-17T07:52:26.968Z] [runtime-status] [24130] Ephemeral server handling OPTIONS request
[debug] [2020-03-17T07:52:26.969Z] [runtime-status] [24130] Ephemeral server survived.
[info] i  functions: Finished "toolsPlaces" in ~1s
[debug] [2020-03-17T07:52:26.969Z] [worker-toolsPlaces-444a692e-45a0-4493-9b40-3afaff63e3af]: IDLE
[debug] [2020-03-17T07:52:26.969Z] [work-queue] {"queueLength":0,"workRunningCount":0}
[debug] [2020-03-17T07:52:26.972Z] [work-queue] {"queueLength":1,"workRunningCount":0}
[debug] [2020-03-17T07:52:26.972Z] [work-queue] {"queueLength":0,"workRunningCount":1}
[debug] [2020-03-17T07:52:26.972Z] Accepted request POST /commmmunity-org/us-central1/toolsPlaces --> toolsPlaces
[debug] [2020-03-17T07:52:26.972Z] [worker-pool] submitWork(triggerId=toolsPlaces)
[debug] [2020-03-17T07:52:26.972Z] [worker-toolsPlaces-444a692e-45a0-4493-9b40-3afaff63e3af]: Assigning socketPath: /var/folders/fl/y2s0d3fj1158vmbnlfft5qx00000gn/T/fire_emu_24130.sock
[debug] [2020-03-17T07:52:26.972Z] [worker-toolsPlaces-444a692e-45a0-4493-9b40-3afaff63e3af]: BUSY
[debug] [2020-03-17T07:52:26.979Z] [runtime-status] [24130] Trigger "toolsPlaces" has been found, beginning invocation!
[info] i  functions: Beginning execution of "toolsPlaces"
[debug] [2020-03-17T07:52:26.980Z] [runtime-status] [24130] triggerDefinition {"regions":["europe-west1"],"httpsTrigger":{},"labels":{"deployment-callable":"true"},"name":"toolsPlaces","entryPoint":"toolsPlaces"}
[debug] [2020-03-17T07:52:26.980Z] [runtime-status] [24130] Running toolsPlaces in mode HTTPS
[debug] [2020-03-17T07:52:26.980Z] [runtime-status] [24130] Attempting to listen to socketPath: /var/folders/fl/y2s0d3fj1158vmbnlfft5qx00000gn/T/fire_emu_24130.sock
[debug] [2020-03-17T07:52:26.980Z] [functions] Runtime ready! Sending request!
[debug] [2020-03-17T07:52:26.981Z] [runtime-status] [24130] Ephemeral server handling POST request
[debug] [2020-03-17T07:52:26.982Z] [runtime-status] [24130] Ephemeral server survived.
[info] i  functions: Finished "toolsPlaces" in ~1s
[debug] [2020-03-17T07:52:27.039Z] [worker-toolsPlaces-444a692e-45a0-4493-9b40-3afaff63e3af]: IDLE
[debug] [2020-03-17T07:52:27.040Z] [work-queue] {"queueLength":0,"workRunningCount":0}
[debug] [2020-03-17T07:52:28.689Z] [work-queue] {"queueLength":1,"workRunningCount":0}
[debug] [2020-03-17T07:52:28.689Z] [work-queue] {"queueLength":0,"workRunningCount":1}
[debug] [2020-03-17T07:52:28.689Z] Accepted request POST /commmmunity-org/us-central1/toolsPlaces --> toolsPlaces
[debug] [2020-03-17T07:52:28.689Z] [worker-pool] submitWork(triggerId=toolsPlaces)
[debug] [2020-03-17T07:52:28.690Z] [worker-toolsPlaces-444a692e-45a0-4493-9b40-3afaff63e3af]: Assigning socketPath: /var/folders/fl/y2s0d3fj1158vmbnlfft5qx00000gn/T/fire_emu_24130.sock
[debug] [2020-03-17T07:52:28.690Z] [worker-toolsPlaces-444a692e-45a0-4493-9b40-3afaff63e3af]: BUSY
[debug] [2020-03-17T07:52:28.690Z] [runtime-status] [24130] Trigger "toolsPlaces" has been found, beginning invocation!
[info] i  functions: Beginning execution of "toolsPlaces"
[debug] [2020-03-17T07:52:28.691Z] [runtime-status] [24130] triggerDefinition {"regions":["europe-west1"],"httpsTrigger":{},"labels":{"deployment-callable":"true"},"name":"toolsPlaces","entryPoint":"toolsPlaces"}
[debug] [2020-03-17T07:52:28.691Z] [runtime-status] [24130] Running toolsPlaces in mode HTTPS
[debug] [2020-03-17T07:52:28.691Z] [runtime-status] [24130] Attempting to listen to socketPath: /var/folders/fl/y2s0d3fj1158vmbnlfft5qx00000gn/T/fire_emu_24130.sock
[debug] [2020-03-17T07:52:28.691Z] [functions] Runtime ready! Sending request!
[debug] [2020-03-17T07:52:28.692Z] [runtime-status] [24130] Ephemeral server handling POST request
[debug] [2020-03-17T07:52:28.692Z] [runtime-status] [24130] Ephemeral server survived.
[info] i  functions: Finished "toolsPlaces" in ~1s
[debug] [2020-03-17T07:52:28.750Z] [worker-toolsPlaces-444a692e-45a0-4493-9b40-3afaff63e3af]: IDLE
[debug] [2020-03-17T07:52:28.750Z] [work-queue] {"queueLength":0,"workRunningCount":0}
[debug] [2020-03-17T07:52:29.350Z] [work-queue] {"queueLength":1,"workRunningCount":0}
[debug] [2020-03-17T07:52:29.350Z] [work-queue] {"queueLength":0,"workRunningCount":1}
[debug] [2020-03-17T07:52:29.350Z] Accepted request POST /commmmunity-org/us-central1/toolsPlaces --> toolsPlaces
[debug] [2020-03-17T07:52:29.350Z] [worker-pool] submitWork(triggerId=toolsPlaces)
[debug] [2020-03-17T07:52:29.351Z] [worker-toolsPlaces-444a692e-45a0-4493-9b40-3afaff63e3af]: Assigning socketPath: /var/folders/fl/y2s0d3fj1158vmbnlfft5qx00000gn/T/fire_emu_24130.sock
[debug] [2020-03-17T07:52:29.351Z] [worker-toolsPlaces-444a692e-45a0-4493-9b40-3afaff63e3af]: BUSY
[debug] [2020-03-17T07:52:29.351Z] [runtime-status] [24130] Trigger "toolsPlaces" has been found, beginning invocation!
[info] i  functions: Beginning execution of "toolsPlaces"
[debug] [2020-03-17T07:52:29.351Z] [runtime-status] [24130] triggerDefinition {"regions":["europe-west1"],"httpsTrigger":{},"labels":{"deployment-callable":"true"},"name":"toolsPlaces","entryPoint":"toolsPlaces"}
[debug] [2020-03-17T07:52:29.352Z] [runtime-status] [24130] Running toolsPlaces in mode HTTPS
[debug] [2020-03-17T07:52:29.352Z] [runtime-status] [24130] Attempting to listen to socketPath: /var/folders/fl/y2s0d3fj1158vmbnlfft5qx00000gn/T/fire_emu_24130.sock
[debug] [2020-03-17T07:52:29.352Z] [functions] Runtime ready! Sending request!
[debug] [2020-03-17T07:52:29.353Z] [runtime-status] [24130] Ephemeral server handling POST request
[debug] [2020-03-17T07:52:29.354Z] [runtime-status] [24130] Ephemeral server survived.
[info] i  functions: Finished "toolsPlaces" in ~1s
[debug] [2020-03-17T07:52:29.442Z] [worker-toolsPlaces-444a692e-45a0-4493-9b40-3afaff63e3af]: IDLE
[debug] [2020-03-17T07:52:29.442Z] [work-queue] {"queueLength":0,"workRunningCount":0}
[debug] [2020-03-17T07:52:29.650Z] [work-queue] {"queueLength":1,"workRunningCount":0}
[debug] [2020-03-17T07:52:29.650Z] [work-queue] {"queueLength":0,"workRunningCount":1}
[debug] [2020-03-17T07:52:29.650Z] Accepted request POST /commmmunity-org/us-central1/toolsPlaces --> toolsPlaces
[debug] [2020-03-17T07:52:29.650Z] [worker-pool] submitWork(triggerId=toolsPlaces)
[debug] [2020-03-17T07:52:29.651Z] [worker-toolsPlaces-444a692e-45a0-4493-9b40-3afaff63e3af]: Assigning socketPath: /var/folders/fl/y2s0d3fj1158vmbnlfft5qx00000gn/T/fire_emu_24130.sock
[debug] [2020-03-17T07:52:29.651Z] [worker-toolsPlaces-444a692e-45a0-4493-9b40-3afaff63e3af]: BUSY
[debug] [2020-03-17T07:52:29.651Z] [runtime-status] [24130] Trigger "toolsPlaces" has been found, beginning invocation!
[info] i  functions: Beginning execution of "toolsPlaces"
[debug] [2020-03-17T07:52:29.651Z] [runtime-status] [24130] triggerDefinition {"regions":["europe-west1"],"httpsTrigger":{},"labels":{"deployment-callable":"true"},"name":"toolsPlaces","entryPoint":"toolsPlaces"}
[debug] [2020-03-17T07:52:29.652Z] [runtime-status] [24130] Running toolsPlaces in mode HTTPS
[debug] [2020-03-17T07:52:29.652Z] [runtime-status] [24130] Attempting to listen to socketPath: /var/folders/fl/y2s0d3fj1158vmbnlfft5qx00000gn/T/fire_emu_24130.sock
[debug] [2020-03-17T07:52:29.652Z] [functions] Runtime ready! Sending request!
[debug] [2020-03-17T07:52:29.653Z] [runtime-status] [24130] Ephemeral server handling POST request
[debug] [2020-03-17T07:52:29.654Z] [runtime-status] [24130] Ephemeral server survived.
[info] i  functions: Finished "toolsPlaces" in ~1s
[debug] [2020-03-17T07:52:29.719Z] [worker-toolsPlaces-444a692e-45a0-4493-9b40-3afaff63e3af]: IDLE
[debug] [2020-03-17T07:52:29.719Z] [work-queue] {"queueLength":0,"workRunningCount":0}
[debug] [2020-03-17T07:52:32.655Z] [work-queue] {"queueLength":1,"workRunningCount":0}
[debug] [2020-03-17T07:52:32.656Z] [work-queue] {"queueLength":0,"workRunningCount":1}
[debug] [2020-03-17T07:52:32.656Z] Accepted request OPTIONS /commmmunity-org/us-central1/toolsPlaces --> toolsPlaces
[debug] [2020-03-17T07:52:32.656Z] [worker-pool] submitWork(triggerId=toolsPlaces)
[debug] [2020-03-17T07:52:32.656Z] [worker-toolsPlaces-444a692e-45a0-4493-9b40-3afaff63e3af]: Assigning socketPath: /var/folders/fl/y2s0d3fj1158vmbnlfft5qx00000gn/T/fire_emu_24130.sock
[debug] [2020-03-17T07:52:32.656Z] [worker-toolsPlaces-444a692e-45a0-4493-9b40-3afaff63e3af]: BUSY
[debug] [2020-03-17T07:52:32.656Z] [runtime-status] [24130] Trigger "toolsPlaces" has been found, beginning invocation!
[info] i  functions: Beginning execution of "toolsPlaces"
[debug] [2020-03-17T07:52:32.657Z] [runtime-status] [24130] triggerDefinition {"regions":["europe-west1"],"httpsTrigger":{},"labels":{"deployment-callable":"true"},"name":"toolsPlaces","entryPoint":"toolsPlaces"}
[debug] [2020-03-17T07:52:32.657Z] [runtime-status] [24130] Running toolsPlaces in mode HTTPS
[debug] [2020-03-17T07:52:32.657Z] [runtime-status] [24130] Attempting to listen to socketPath: /var/folders/fl/y2s0d3fj1158vmbnlfft5qx00000gn/T/fire_emu_24130.sock
[debug] [2020-03-17T07:52:32.658Z] [functions] Runtime ready! Sending request!
[debug] [2020-03-17T07:52:32.659Z] [runtime-status] [24130] Ephemeral server handling OPTIONS request
[debug] [2020-03-17T07:52:32.659Z] [runtime-status] [24130] Ephemeral server survived.
[info] i  functions: Finished "toolsPlaces" in ~1s
[debug] [2020-03-17T07:52:32.660Z] [worker-toolsPlaces-444a692e-45a0-4493-9b40-3afaff63e3af]: IDLE
[debug] [2020-03-17T07:52:32.660Z] [work-queue] {"queueLength":0,"workRunningCount":0}
[debug] [2020-03-17T07:52:32.662Z] [work-queue] {"queueLength":1,"workRunningCount":0}
[debug] [2020-03-17T07:52:32.662Z] [work-queue] {"queueLength":0,"workRunningCount":1}
[debug] [2020-03-17T07:52:32.662Z] Accepted request POST /commmmunity-org/us-central1/toolsPlaces --> toolsPlaces
[debug] [2020-03-17T07:52:32.663Z] [worker-pool] submitWork(triggerId=toolsPlaces)
[debug] [2020-03-17T07:52:32.663Z] [worker-toolsPlaces-444a692e-45a0-4493-9b40-3afaff63e3af]: Assigning socketPath: /var/folders/fl/y2s0d3fj1158vmbnlfft5qx00000gn/T/fire_emu_24130.sock
[debug] [2020-03-17T07:52:32.663Z] [worker-toolsPlaces-444a692e-45a0-4493-9b40-3afaff63e3af]: BUSY
[debug] [2020-03-17T07:52:32.671Z] [runtime-status] [24130] Trigger "toolsPlaces" has been found, beginning invocation!
[info] i  functions: Beginning execution of "toolsPlaces"
[debug] [2020-03-17T07:52:32.671Z] [runtime-status] [24130] triggerDefinition {"regions":["europe-west1"],"httpsTrigger":{},"labels":{"deployment-callable":"true"},"name":"toolsPlaces","entryPoint":"toolsPlaces"}
[debug] [2020-03-17T07:52:32.671Z] [runtime-status] [24130] Running toolsPlaces in mode HTTPS
[debug] [2020-03-17T07:52:32.672Z] [runtime-status] [24130] Attempting to listen to socketPath: /var/folders/fl/y2s0d3fj1158vmbnlfft5qx00000gn/T/fire_emu_24130.sock
[debug] [2020-03-17T07:52:32.672Z] [functions] Runtime ready! Sending request!
[debug] [2020-03-17T07:52:32.674Z] [runtime-status] [24130] Ephemeral server handling POST request
[debug] [2020-03-17T07:52:32.674Z] [runtime-status] [24130] Ephemeral server survived.
[info] i  functions: Finished "toolsPlaces" in ~1s
[debug] [2020-03-17T07:52:32.753Z] [worker-toolsPlaces-444a692e-45a0-4493-9b40-3afaff63e3af]: IDLE
[debug] [2020-03-17T07:52:32.753Z] [work-queue] {"queueLength":0,"workRunningCount":0}
[debug] [2020-03-17T07:52:38.532Z] [work-queue] {"queueLength":1,"workRunningCount":0}
[debug] [2020-03-17T07:52:38.533Z] [work-queue] {"queueLength":0,"workRunningCount":1}
[debug] [2020-03-17T07:52:38.533Z] Accepted request OPTIONS /commmmunity-org/us-central1/toolsPlaces --> toolsPlaces
[debug] [2020-03-17T07:52:38.533Z] [worker-pool] submitWork(triggerId=toolsPlaces)
[debug] [2020-03-17T07:52:38.533Z] [worker-toolsPlaces-444a692e-45a0-4493-9b40-3afaff63e3af]: Assigning socketPath: /var/folders/fl/y2s0d3fj1158vmbnlfft5qx00000gn/T/fire_emu_24130.sock
[debug] [2020-03-17T07:52:38.533Z] [worker-toolsPlaces-444a692e-45a0-4493-9b40-3afaff63e3af]: BUSY
[debug] [2020-03-17T07:52:38.533Z] [runtime-status] [24130] Trigger "toolsPlaces" has been found, beginning invocation!
[info] i  functions: Beginning execution of "toolsPlaces"
[debug] [2020-03-17T07:52:38.534Z] [runtime-status] [24130] triggerDefinition {"regions":["europe-west1"],"httpsTrigger":{},"labels":{"deployment-callable":"true"},"name":"toolsPlaces","entryPoint":"toolsPlaces"}
[debug] [2020-03-17T07:52:38.534Z] [runtime-status] [24130] Running toolsPlaces in mode HTTPS
[debug] [2020-03-17T07:52:38.534Z] [runtime-status] [24130] Attempting to listen to socketPath: /var/folders/fl/y2s0d3fj1158vmbnlfft5qx00000gn/T/fire_emu_24130.sock
[debug] [2020-03-17T07:52:38.534Z] [functions] Runtime ready! Sending request!
[debug] [2020-03-17T07:52:38.536Z] [runtime-status] [24130] Ephemeral server handling OPTIONS request
[debug] [2020-03-17T07:52:38.537Z] [runtime-status] [24130] Ephemeral server survived.
[info] i  functions: Finished "toolsPlaces" in ~1s
[debug] [2020-03-17T07:52:38.537Z] [worker-toolsPlaces-444a692e-45a0-4493-9b40-3afaff63e3af]: IDLE
[debug] [2020-03-17T07:52:38.537Z] [work-queue] {"queueLength":0,"workRunningCount":0}
[debug] [2020-03-17T07:52:38.540Z] [work-queue] {"queueLength":1,"workRunningCount":0}
[debug] [2020-03-17T07:52:38.540Z] [work-queue] {"queueLength":0,"workRunningCount":1}
[debug] [2020-03-17T07:52:38.540Z] Accepted request POST /commmmunity-org/us-central1/toolsPlaces --> toolsPlaces
[debug] [2020-03-17T07:52:38.540Z] [worker-pool] submitWork(triggerId=toolsPlaces)
[debug] [2020-03-17T07:52:38.540Z] [worker-toolsPlaces-444a692e-45a0-4493-9b40-3afaff63e3af]: Assigning socketPath: /var/folders/fl/y2s0d3fj1158vmbnlfft5qx00000gn/T/fire_emu_24130.sock
[debug] [2020-03-17T07:52:38.541Z] [worker-toolsPlaces-444a692e-45a0-4493-9b40-3afaff63e3af]: BUSY
[debug] [2020-03-17T07:52:38.549Z] [runtime-status] [24130] Trigger "toolsPlaces" has been found, beginning invocation!
[info] i  functions: Beginning execution of "toolsPlaces"
[debug] [2020-03-17T07:52:38.549Z] [runtime-status] [24130] triggerDefinition {"regions":["europe-west1"],"httpsTrigger":{},"labels":{"deployment-callable":"true"},"name":"toolsPlaces","entryPoint":"toolsPlaces"}
[debug] [2020-03-17T07:52:38.549Z] [runtime-status] [24130] Running toolsPlaces in mode HTTPS
[debug] [2020-03-17T07:52:38.549Z] [runtime-status] [24130] Attempting to listen to socketPath: /var/folders/fl/y2s0d3fj1158vmbnlfft5qx00000gn/T/fire_emu_24130.sock
[debug] [2020-03-17T07:52:38.550Z] [functions] Runtime ready! Sending request!
[debug] [2020-03-17T07:52:38.551Z] [runtime-status] [24130] Ephemeral server handling POST request
[debug] [2020-03-17T07:52:38.551Z] [runtime-status] [24130] Ephemeral server survived.
[info] i  functions: Finished "toolsPlaces" in ~1s
[debug] [2020-03-17T07:52:38.611Z] [worker-toolsPlaces-444a692e-45a0-4493-9b40-3afaff63e3af]: IDLE
[debug] [2020-03-17T07:52:38.611Z] [work-queue] {"queueLength":0,"workRunningCount":0}
[debug] [2020-03-17T07:52:39.076Z] [work-queue] {"queueLength":1,"workRunningCount":0}
[debug] [2020-03-17T07:52:39.076Z] [work-queue] {"queueLength":0,"workRunningCount":1}
[debug] [2020-03-17T07:52:39.076Z] Accepted request POST /commmmunity-org/us-central1/toolsPlaces --> toolsPlaces
[debug] [2020-03-17T07:52:39.076Z] [worker-pool] submitWork(triggerId=toolsPlaces)
[debug] [2020-03-17T07:52:39.076Z] [worker-toolsPlaces-444a692e-45a0-4493-9b40-3afaff63e3af]: Assigning socketPath: /var/folders/fl/y2s0d3fj1158vmbnlfft5qx00000gn/T/fire_emu_24130.sock
[debug] [2020-03-17T07:52:39.076Z] [worker-toolsPlaces-444a692e-45a0-4493-9b40-3afaff63e3af]: BUSY
[debug] [2020-03-17T07:52:39.076Z] [runtime-status] [24130] Trigger "toolsPlaces" has been found, beginning invocation!
[info] i  functions: Beginning execution of "toolsPlaces"
[debug] [2020-03-17T07:52:39.077Z] [runtime-status] [24130] triggerDefinition {"regions":["europe-west1"],"httpsTrigger":{},"labels":{"deployment-callable":"true"},"name":"toolsPlaces","entryPoint":"toolsPlaces"}
[debug] [2020-03-17T07:52:39.077Z] [runtime-status] [24130] Running toolsPlaces in mode HTTPS
[debug] [2020-03-17T07:52:39.077Z] [runtime-status] [24130] Attempting to listen to socketPath: /var/folders/fl/y2s0d3fj1158vmbnlfft5qx00000gn/T/fire_emu_24130.sock
[debug] [2020-03-17T07:52:39.078Z] [functions] Runtime ready! Sending request!
[debug] [2020-03-17T07:52:39.079Z] [runtime-status] [24130] Ephemeral server handling POST request
[debug] [2020-03-17T07:52:39.080Z] [runtime-status] [24130] Ephemeral server survived.
[info] i  functions: Finished "toolsPlaces" in ~1s
[debug] [2020-03-17T07:52:39.139Z] [worker-toolsPlaces-444a692e-45a0-4493-9b40-3afaff63e3af]: IDLE
[debug] [2020-03-17T07:52:39.139Z] [work-queue] {"queueLength":0,"workRunningCount":0}
[debug] [2020-03-17T07:52:39.360Z] [work-queue] {"queueLength":1,"workRunningCount":0}
[debug] [2020-03-17T07:52:39.360Z] [work-queue] {"queueLength":0,"workRunningCount":1}
[debug] [2020-03-17T07:52:39.360Z] Accepted request POST /commmmunity-org/us-central1/toolsPlaces --> toolsPlaces
[debug] [2020-03-17T07:52:39.360Z] [worker-pool] submitWork(triggerId=toolsPlaces)
[debug] [2020-03-17T07:52:39.361Z] [worker-toolsPlaces-444a692e-45a0-4493-9b40-3afaff63e3af]: Assigning socketPath: /var/folders/fl/y2s0d3fj1158vmbnlfft5qx00000gn/T/fire_emu_24130.sock
[debug] [2020-03-17T07:52:39.361Z] [worker-toolsPlaces-444a692e-45a0-4493-9b40-3afaff63e3af]: BUSY
[debug] [2020-03-17T07:52:39.361Z] [runtime-status] [24130] Trigger "toolsPlaces" has been found, beginning invocation!
[info] i  functions: Beginning execution of "toolsPlaces"
[debug] [2020-03-17T07:52:39.361Z] [runtime-status] [24130] triggerDefinition {"regions":["europe-west1"],"httpsTrigger":{},"labels":{"deployment-callable":"true"},"name":"toolsPlaces","entryPoint":"toolsPlaces"}
[debug] [2020-03-17T07:52:39.361Z] [runtime-status] [24130] Running toolsPlaces in mode HTTPS
[debug] [2020-03-17T07:52:39.362Z] [runtime-status] [24130] Attempting to listen to socketPath: /var/folders/fl/y2s0d3fj1158vmbnlfft5qx00000gn/T/fire_emu_24130.sock
[debug] [2020-03-17T07:52:39.362Z] [functions] Runtime ready! Sending request!
[debug] [2020-03-17T07:52:39.363Z] [runtime-status] [24130] Ephemeral server handling POST request
[debug] [2020-03-17T07:52:39.363Z] [runtime-status] [24130] Ephemeral server survived.
[info] i  functions: Finished "toolsPlaces" in ~1s
[debug] [2020-03-17T07:52:39.432Z] [worker-toolsPlaces-444a692e-45a0-4493-9b40-3afaff63e3af]: IDLE
[debug] [2020-03-17T07:52:39.432Z] [work-queue] {"queueLength":0,"workRunningCount":0}
[debug] [2020-03-17T07:52:39.762Z] [work-queue] {"queueLength":1,"workRunningCount":0}
[debug] [2020-03-17T07:52:39.762Z] [work-queue] {"queueLength":0,"workRunningCount":1}
[debug] [2020-03-17T07:52:39.762Z] Accepted request POST /commmmunity-org/us-central1/toolsPlaces --> toolsPlaces
[debug] [2020-03-17T07:52:39.762Z] [worker-pool] submitWork(triggerId=toolsPlaces)
[debug] [2020-03-17T07:52:39.762Z] [worker-toolsPlaces-444a692e-45a0-4493-9b40-3afaff63e3af]: Assigning socketPath: /var/folders/fl/y2s0d3fj1158vmbnlfft5qx00000gn/T/fire_emu_24130.sock
[debug] [2020-03-17T07:52:39.762Z] [worker-toolsPlaces-444a692e-45a0-4493-9b40-3afaff63e3af]: BUSY
[debug] [2020-03-17T07:52:39.762Z] [runtime-status] [24130] Trigger "toolsPlaces" has been found, beginning invocation!
[info] i  functions: Beginning execution of "toolsPlaces"
[debug] [2020-03-17T07:52:39.763Z] [runtime-status] [24130] triggerDefinition {"regions":["europe-west1"],"httpsTrigger":{},"labels":{"deployment-callable":"true"},"name":"toolsPlaces","entryPoint":"toolsPlaces"}
[debug] [2020-03-17T07:52:39.763Z] [runtime-status] [24130] Running toolsPlaces in mode HTTPS
[debug] [2020-03-17T07:52:39.763Z] [runtime-status] [24130] Attempting to listen to socketPath: /var/folders/fl/y2s0d3fj1158vmbnlfft5qx00000gn/T/fire_emu_24130.sock
[debug] [2020-03-17T07:52:39.764Z] [functions] Runtime ready! Sending request!
[debug] [2020-03-17T07:52:39.765Z] [runtime-status] [24130] Ephemeral server handling POST request
[debug] [2020-03-17T07:52:39.766Z] [runtime-status] [24130] Ephemeral server survived.
[info] i  functions: Finished "toolsPlaces" in ~1s
[debug] [2020-03-17T07:52:39.860Z] [worker-toolsPlaces-444a692e-45a0-4493-9b40-3afaff63e3af]: IDLE
[debug] [2020-03-17T07:52:39.860Z] [work-queue] {"queueLength":0,"workRunningCount":0}
[debug] [2020-03-17T07:52:39.993Z] [work-queue] {"queueLength":1,"workRunningCount":0}
[debug] [2020-03-17T07:52:39.993Z] [work-queue] {"queueLength":0,"workRunningCount":1}
[debug] [2020-03-17T07:52:39.994Z] Accepted request POST /commmmunity-org/us-central1/toolsPlaces --> toolsPlaces
[debug] [2020-03-17T07:52:39.994Z] [worker-pool] submitWork(triggerId=toolsPlaces)
[debug] [2020-03-17T07:52:39.994Z] [worker-toolsPlaces-444a692e-45a0-4493-9b40-3afaff63e3af]: Assigning socketPath: /var/folders/fl/y2s0d3fj1158vmbnlfft5qx00000gn/T/fire_emu_24130.sock
[debug] [2020-03-17T07:52:39.994Z] [worker-toolsPlaces-444a692e-45a0-4493-9b40-3afaff63e3af]: BUSY
[debug] [2020-03-17T07:52:39.994Z] [runtime-status] [24130] Trigger "toolsPlaces" has been found, beginning invocation!
[info] i  functions: Beginning execution of "toolsPlaces"
[debug] [2020-03-17T07:52:39.995Z] [runtime-status] [24130] triggerDefinition {"regions":["europe-west1"],"httpsTrigger":{},"labels":{"deployment-callable":"true"},"name":"toolsPlaces","entryPoint":"toolsPlaces"}
[debug] [2020-03-17T07:52:39.995Z] [runtime-status] [24130] Running toolsPlaces in mode HTTPS
[debug] [2020-03-17T07:52:39.995Z] [runtime-status] [24130] Attempting to listen to socketPath: /var/folders/fl/y2s0d3fj1158vmbnlfft5qx00000gn/T/fire_emu_24130.sock
[debug] [2020-03-17T07:52:39.996Z] [functions] Runtime ready! Sending request!
[debug] [2020-03-17T07:52:39.998Z] [runtime-status] [24130] Ephemeral server handling POST request
[debug] [2020-03-17T07:52:39.998Z] [runtime-status] [24130] Ephemeral server survived.
[info] i  functions: Finished "toolsPlaces" in ~1s
[debug] [2020-03-17T07:52:40.051Z] [worker-toolsPlaces-444a692e-45a0-4493-9b40-3afaff63e3af]: IDLE
[debug] [2020-03-17T07:52:40.051Z] [work-queue] {"queueLength":0,"workRunningCount":0}
[debug] [2020-03-17T07:52:40.937Z] [work-queue] {"queueLength":1,"workRunningCount":0}
[debug] [2020-03-17T07:52:40.937Z] [work-queue] {"queueLength":0,"workRunningCount":1}
[debug] [2020-03-17T07:52:40.937Z] Accepted request OPTIONS /commmmunity-org/us-central1/toolsPlaceDetails --> toolsPlaceDetails
[debug] [2020-03-17T07:52:40.937Z] [worker-pool] submitWork(triggerId=toolsPlaceDetails)
[debug] [2020-03-17T07:52:40.938Z] [worker-toolsPlaceDetails-f5aad5f5-a1ee-4748-a9dc-16742b5fc627]: Assigning socketPath: /var/folders/fl/y2s0d3fj1158vmbnlfft5qx00000gn/T/fire_emu_24131.sock
[debug] [2020-03-17T07:52:40.938Z] [worker-toolsPlaceDetails-f5aad5f5-a1ee-4748-a9dc-16742b5fc627]: BUSY
[debug] [2020-03-17T07:52:40.938Z] [runtime-status] [24131] Trigger "toolsPlaceDetails" has been found, beginning invocation!
[info] i  functions: Beginning execution of "toolsPlaceDetails"
[debug] [2020-03-17T07:52:40.938Z] [runtime-status] [24131] triggerDefinition {"regions":["europe-west1"],"httpsTrigger":{},"labels":{"deployment-callable":"true"},"name":"toolsPlaceDetails","entryPoint":"toolsPlaceDetails"}
[debug] [2020-03-17T07:52:40.938Z] [runtime-status] [24131] Running toolsPlaceDetails in mode HTTPS
[debug] [2020-03-17T07:52:40.939Z] [runtime-status] [24131] Attempting to listen to socketPath: /var/folders/fl/y2s0d3fj1158vmbnlfft5qx00000gn/T/fire_emu_24131.sock
[debug] [2020-03-17T07:52:40.940Z] [functions] Runtime ready! Sending request!
[debug] [2020-03-17T07:52:40.941Z] [runtime-status] [24131] Ephemeral server handling OPTIONS request
[debug] [2020-03-17T07:52:40.942Z] [runtime-status] [24131] Ephemeral server survived.
[info] i  functions: Finished "toolsPlaceDetails" in ~1s
[debug] [2020-03-17T07:52:40.943Z] [worker-toolsPlaceDetails-f5aad5f5-a1ee-4748-a9dc-16742b5fc627]: IDLE
[debug] [2020-03-17T07:52:40.943Z] [work-queue] {"queueLength":0,"workRunningCount":0}
[debug] [2020-03-17T07:52:40.945Z] [work-queue] {"queueLength":1,"workRunningCount":0}
[debug] [2020-03-17T07:52:40.945Z] [work-queue] {"queueLength":0,"workRunningCount":1}
[debug] [2020-03-17T07:52:40.945Z] Accepted request POST /commmmunity-org/us-central1/toolsPlaceDetails --> toolsPlaceDetails
[debug] [2020-03-17T07:52:40.945Z] [worker-pool] submitWork(triggerId=toolsPlaceDetails)
[debug] [2020-03-17T07:52:40.945Z] [worker-toolsPlaceDetails-f5aad5f5-a1ee-4748-a9dc-16742b5fc627]: Assigning socketPath: /var/folders/fl/y2s0d3fj1158vmbnlfft5qx00000gn/T/fire_emu_24131.sock
[debug] [2020-03-17T07:52:40.945Z] [worker-toolsPlaceDetails-f5aad5f5-a1ee-4748-a9dc-16742b5fc627]: BUSY
[debug] [2020-03-17T07:52:40.953Z] [runtime-status] [24131] Trigger "toolsPlaceDetails" has been found, beginning invocation!
[info] i  functions: Beginning execution of "toolsPlaceDetails"
[debug] [2020-03-17T07:52:40.953Z] [runtime-status] [24131] triggerDefinition {"regions":["europe-west1"],"httpsTrigger":{},"labels":{"deployment-callable":"true"},"name":"toolsPlaceDetails","entryPoint":"toolsPlaceDetails"}
[debug] [2020-03-17T07:52:40.953Z] [runtime-status] [24131] Running toolsPlaceDetails in mode HTTPS
[debug] [2020-03-17T07:52:40.953Z] [runtime-status] [24131] Attempting to listen to socketPath: /var/folders/fl/y2s0d3fj1158vmbnlfft5qx00000gn/T/fire_emu_24131.sock
[debug] [2020-03-17T07:52:40.954Z] [functions] Runtime ready! Sending request!
[debug] [2020-03-17T07:52:40.970Z] [runtime-status] [24131] Ephemeral server handling POST request
[debug] [2020-03-17T07:52:41.061Z] [runtime-status] [24131] Ephemeral server survived.
[info] i  functions: Finished "toolsPlaceDetails" in ~1s
[debug] [2020-03-17T07:52:41.218Z] [worker-toolsPlaceDetails-f5aad5f5-a1ee-4748-a9dc-16742b5fc627]: IDLE
[debug] [2020-03-17T07:52:41.218Z] [work-queue] {"queueLength":0,"workRunningCount":0}
